#
# A fatal error has been detected by the Java Runtime Environment:
#
#  EXCEPTION_ACCESS_VIOLATION (0xc0000005) at pc=0x000001c08f916604, pid=8624, tid=16284
#
# JRE version: Java(TM) SE Runtime Environment (21.0.1+12) (build 21.0.1+12-LTS-29)
# Java VM: Java HotSpot(TM) 64-Bit Server VM (21.0.1+12-LTS-29, mixed mode, sharing, tiered, compressed oops, compressed class ptrs, g1 gc, windows-amd64)
# Problematic frame:
# v  ~BufferBlob::MethodHandles adapters 0x000001c08f916604
#
# No core dump will be written. Minidumps are not enabled by default on client versions of Windows
#
# If you would like to submit a bug report, please visit:
#   https://bugreport.java.com/bugreport/crash.jsp
#

---------------  S U M M A R Y ------------

Command Line: -XX:+ShowCodeDetailsInExceptionMessages -agentlib:jdwp=transport=dt_socket,suspend=y,address=localhost:49521 -javaagent:C:\eclipse\configuration\org.eclipse.osgi\415\0\.cp\lib\javaagent-shaded.jar -Dfile.encoding=UTF-8 com.app.shwe.ShweApplication

Host: Intel(R) Core(TM) i3-8130U CPU @ 2.20GHz, 4 cores, 7G,  Windows 11 , 64 bit Build 22621 (10.0.22621.3958)
Time: Sat Aug 24 19:23:34 2024 SE Asia Standard Time elapsed time: 17802.500061 seconds (0d 4h 56m 42s)

---------------  T H R E A D  ---------------

Current thread (0x000001c0ed38b800):  JavaThread "http-nio-8080-exec-6" daemon [_thread_in_Java, id=16284, stack(0x0000002f80f00000,0x0000002f81000000) (1024K)]

Stack: [0x0000002f80f00000,0x0000002f81000000],  sp=0x0000002f80ffba18,  free space=1006k
Native frames: (J=compiled Java code, j=interpreted, Vv=VM code, C=native code)
C  0x000001c08f916604

The last pc belongs to _linkToVirtual (printed below).

siginfo: EXCEPTION_ACCESS_VIOLATION (0xc0000005), reading address 0x000001c1758f0443


Registers:
RAX=0x000001c08f8c969f, RBX=0x000000008aaf3ea0, RCX=0x0000002f80ffba28, RDX=0x0000000000000003
RSP=0x0000002f80ffba18, RBP=0x0000002f80ffba70, RSI=0x000001c0e1a56a28, RDI=0x000001c0e54acb40
R8 =0x0000000000000004, R9 =0x0000000000000004, R10=0x000001c1758f0273, R11=0x0000000000000001
R12=0x0000000000000000, R13=0x0000002f80ffba18, R14=0x0000002f80ffba98, R15=0x000001c0ed38b800
RIP=0x000001c08f916604, EFLAGS=0x0000000000010202


Register to memory mapping:

RAX=0x000001c08f8c969f is at code_begin+4639 in an Interpreter codelet
return entry points  [0x000001c08f8c8480, 0x000001c08f8ca550]  8400 bytes
RBX=0x000000008aaf3ea0 is an oop: com.app.shwe.dto.TermsAndConditionDTO 
{0x000000008aaf3ea0} - klass: 'com/app/shwe/dto/TermsAndConditionDTO'
 - ---- fields (total size 2 words):
 - private 'description' 'Ljava/lang/String;' @12  null (0x00000000)
RCX=0x0000002f80ffba28 is pointing into the stack for thread: 0x000001c0ed38b800
RDX=0x0000000000000003 is an unknown value
RSP=0x0000002f80ffba18 is pointing into the stack for thread: 0x000001c0ed38b800
RBP=0x0000002f80ffba70 is pointing into the stack for thread: 0x000001c0ed38b800
RSI=0x000001c0e1a56a28 points into unknown readable memory: 0x880061311af0b049 | 49 b0 f0 1a 31 61 00 88
RDI=0x000001c0e54acb40 points into unknown readable memory: 0x0000002000000070 | 70 00 00 00 20 00 00 00
R8 =0x0000000000000004 is an unknown value
R9 =0x0000000000000004 is an unknown value
R10=0x000001c1758f0273 is an unknown value
R11=0x0000000000000001 is an unknown value
R12=0x0 is null
R13=0x0000002f80ffba18 is pointing into the stack for thread: 0x000001c0ed38b800
R14=0x0000002f80ffba98 is pointing into the stack for thread: 0x000001c0ed38b800
R15=0x000001c0ed38b800 is a thread

Top of Stack: (sp=0x0000002f80ffba18)
0x0000002f80ffba18:   000001c08f8c969f 00000000866b3638
0x0000002f80ffba28:   0000002f80ffba28 000001c0db8f0273
0x0000002f80ffba38:   0000000000000005 000001c0db8f03c0
0x0000002f80ffba48:   000001c0db8f0688 0000000081ff35f8
0x0000002f80ffba58:   000001c0db8f0280 0000002f80ffba18
0x0000002f80ffba68:   0000002f80ffbaa0 000000008af835f8
0x0000002f80ffba78:   000001c089de4ec7 000000008af831f0
0x0000002f80ffba88:   000000008aaf3ea0 00000000866b3638
0x0000002f80ffba98:   000000008af83358 0000000000000000
0x0000002f80ffbaa8:   0000000000000000 0000000000000000
0x0000002f80ffbab8:   0000000000000000 000000008af835c8
0x0000002f80ffbac8:   000000008aaf3ea0 00000000866b3638
0x0000002f80ffbad8:   000000008af83578 00000000866b3638
0x0000002f80ffbae8:   000000008af834c0 000000008af83358
0x0000002f80ffbaf8:   000000008aaf3ea0 000001c089de4d64
0x0000002f80ffbb08:   000001c0e9c745f0 000000008af835f8
0x0000002f80ffbb18:   000001c09045711c 0000002f80ffbb00
0x0000002f80ffbb28:   0000000000000000 000070c3e7e0fda0
0x0000002f80ffbb38:   00007ffd7fdf960a 00000000866b3638
0x0000002f80ffbb48:   000000008aaf3a28 000000008aaf3ea0
0x0000002f80ffbb58:   000000008af835f8 000000008af835c8
0x0000002f80ffbb68:   0000000000000000 00000000866b3638
0x0000002f80ffbb78:   000000008aaf3a28 000000008af835c8
0x0000002f80ffbb88:   000000008aaf3ea0 000000008aaf3ea0
0x0000002f80ffbb98:   0000000000000000 000001c090456590
0x0000002f80ffbba8:   000000008aaf3680 0000002f80ffbcc0
0x0000002f80ffbbb8:   000001c088825f38 00000000868b0e58
0x0000002f80ffbbc8:   000000008aaf3ea0 0000002f80ffbbd0
0x0000002f80ffbbd8:   000001c0e9c965d7 0000000000000007
0x0000002f80ffbbe8:   000001c0e9cdb350 0000000000000000
0x0000002f80ffbbf8:   0000000082afc668 000001c0e9c96658
0x0000002f80ffbc08:   0000000086f6a260 00000000866b3638 

Instructions: (pc=0x000001c08f916604)
0x000001c08f916504:   00 00 00 00 01 00 00 00 00 00 00 00 70 2f 33 80
0x000001c08f916514:   fd 7f 00 00 80 65 91 8f c0 01 00 00 00 76 91 8f
0x000001c08f916524:   c0 01 00 00 80 65 91 8f c0 01 00 00 00 76 91 8f
0x000001c08f916534:   c0 01 00 00 70 65 91 8f c0 01 00 00 70 65 91 8f
0x000001c08f916544:   c0 01 00 00 00 00 00 00 00 00 00 00 08 30 33 80
0x000001c08f916554:   fd 7f 00 00 f0 10 00 00 60 00 00 00 ff ff ff ff
0x000001c08f916564:   f0 10 00 00 00 00 00 00 00 00 00 00 00 00 00 00
0x000001c08f916574:   00 00 00 00 00 00 00 00 00 00 00 00 f4 66 66 66
0x000001c08f916584:   0f 1f 84 00 00 00 00 00 66 66 66 90 66 66 66 0f
0x000001c08f916594:   1f 84 00 00 00 00 00 66 66 66 90 90 48 8b 53 08
0x000001c08f9165a4:   0f b7 52 2e 48 8b 0c d4 8b 59 14 8b 5b 28 8b 5b
0x000001c08f9165b4:   24 48 8b 5b 10 48 85 db 0f 84 10 00 00 00 41 80
0x000001c08f9165c4:   bf e0 05 00 00 00 74 03 ff 63 38 ff 63 50 e9 29
0x000001c08f9165d4:   c0 fd ff 66 0f 1f 84 00 00 00 00 00 48 8b 53 08
0x000001c08f9165e4:   0f b7 52 2e 48 8b 0c d4 58 5b 50 44 8b 51 08 49
0x000001c08f9165f4:   bb 00 00 00 9a c0 01 00 00 4d 03 d3 4c 8b 5b 10
0x000001c08f916604:   4b 8b 9c da c8 01 00 00 48 85 db 0f 84 10 00 00
0x000001c08f916614:   00 41 80 bf e0 05 00 00 00 74 03 ff 63 38 ff 63
0x000001c08f916624:   50 e9 d6 bf fd ff 66 66 66 0f 1f 84 00 00 00 00
0x000001c08f916634:   00 66 66 66 90 0f 1f 80 00 00 00 00 58 5b 50 8b
0x000001c08f916644:   5b 24 48 8b 5b 10 48 85 db 0f 84 10 00 00 00 41
0x000001c08f916654:   80 bf e0 05 00 00 00 74 03 ff 63 38 ff 63 50 e9
0x000001c08f916664:   98 bf fd ff 66 66 66 0f 1f 84 00 00 00 00 00 66
0x000001c08f916674:   66 66 90 66 0f 1f 84 00 00 00 00 00 48 8b 53 08
0x000001c08f916684:   0f b7 52 2e 48 8b 0c d4 58 5b 50 48 3b 01 8b 5b
0x000001c08f916694:   24 48 8b 5b 10 48 85 db 0f 84 10 00 00 00 41 80
0x000001c08f9166a4:   bf e0 05 00 00 00 74 03 ff 63 38 ff 63 50 e9 49
0x000001c08f9166b4:   bf fd ff 66 0f 1f 84 00 00 00 00 00 48 8b 53 08
0x000001c08f9166c4:   0f b7 52 2e 48 8b 0c d4 58 5b 50 44 8b 51 08 49
0x000001c08f9166d4:   bb 00 00 00 9a c0 01 00 00 4d 03 d3 8b 43 18 48
0x000001c08f9166e4:   8b 40 10 48 8b 5b 10 45 8b 9a a0 00 00 00 4f 8d
0x000001c08f9166f4:   9c da c8 01 00 00 4d 8d 14 da 49 8b 1b 48 3b c3 


Stack slot to memory mapping:

stack at sp + 0 slots: 0x000001c08f8c969f is at code_begin+4639 in an Interpreter codelet
return entry points  [0x000001c08f8c8480, 0x000001c08f8ca550]  8400 bytes
stack at sp + 1 slots: 0x00000000866b3638 is an oop: com.app.shwe.controller.TermsAndConditionController 
{0x00000000866b3638} - klass: 'com/app/shwe/controller/TermsAndConditionController'
 - ---- fields (total size 2 words):
 - private 'termsAndCondtionService' 'Lcom/app/shwe/service/TermsAndConditionService;' @12  a 'com/app/shwe/service/TermsAndConditionService$$SpringCGLIB$$0'{0x00000000866b3648} (0x866b3648)
stack at sp + 2 slots: 0x0000002f80ffba28 is pointing into the stack for thread: 0x000001c0ed38b800
stack at sp + 3 slots: 0x000001c0db8f0273 is pointing into metadata
stack at sp + 4 slots: 0x0000000000000005 is an unknown value
stack at sp + 5 slots: 0x000001c0db8f03c0 is pointing into metadata
stack at sp + 6 slots: 0x000001c0db8f0688 is pointing into metadata
stack at sp + 7 slots: 0x0000000081ff35f8 is an oop: java.lang.Class 
{0x0000000081ff35f8} - klass: 'java/lang/Class'
 - ---- fields (total size 15 words):
 - private volatile transient 'classRedefinedCount' 'I' @12  0 (0x00000000)
 - injected 'klass' 'J' @16  1926747209728 (0x000001c09b154000)
 - injected 'array_klass' 'J' @24  0 (0x0000000000000000)
 - injected 'oop_size' 'I' @32  15 (0x0000000f)
 - injected 'static_oop_field_count' 'I' @36  1 (0x00000001)
 - private volatile transient 'cachedConstructor' 'Ljava/lang/reflect/Constructor;' @40  null (0x00000000)
 - private transient 'name' 'Ljava/lang/String;' @44  null (0x00000000)
 - private transient 'module' 'Ljava/lang/Module;' @48  a 'java/lang/Module'{0x00000000823849c8} (0x823849c8)
 - private final 'classLoader' 'Ljava/lang/ClassLoader;' @52  null (0x00000000)
 - private transient 'classData' 'Ljava/lang/Object;' @56  a 'java/lang/invoke/LambdaForm'{0x0000000081ff4a78} => a 'java/lang/invoke/MemberName'{0x0000000081ff4ba8} = {method} {0x000001c0db8f0288} 'invokeVirtual' '(Ljava/lang/Object;Ljava/lang/Object;Ljava/lang/Object;)Ljava/lang/Object;' in 'java/lang/invoke/LambdaForm$DMH+0x000001c09b154000' (0x81ff4a78)
 - private transient 'packageName' 'Ljava/lang/String;' @60  null (0x00000000)
 - private final 'componentType' 'Ljava/lang/Class;' @64  null (0x00000000)
 - private volatile transient 'reflectionData' 'Ljava/lang/ref/SoftReference;' @68  null (0x00000000)
 - private volatile transient 'genericInfo' 'Lsun/reflect/generics/repository/ClassRepository;' @72  null (0x00000000)
 - private volatile transient 'enumConstants' '[Ljava/lang/Object;' @76  null (0x00000000)
 - private volatile transient 'enumConstantDirectory' 'Ljava/util/Map;' @80  null (0x00000000)
 - private volatile transient 'annotationData' 'Ljava/lang/Class$AnnotationData;' @84  null (0x00000000)
 - private volatile transient 'annotationType' 'Lsun/reflect/annotation/AnnotationType;' @88  null (0x00000000)
 - transient 'classValueMap' 'Ljava/lang/ClassValue$ClassValueMap;' @92  null (0x00000000)
 - injected 'protection_domain' 'Ljava/lang/Object;' @96  null (0x00000000)
 - injected 'signers_name' 'Ljava/lang/Object;' @100  null (0x00000000)
 - injected 'source_file' 'Ljava/lang/Object;' @104  null (0x00000000)
 - signature: Ljava/lang/invoke/LambdaForm$DMH+0x000001c09b154000;
 - ---- static fields (1):
 - static final '_D_0' 'Ljava/lang/invoke/LambdaForm;' @112  a 'java/lang/invoke/LambdaForm'{0x0000000081ff4a78} => a 'java/lang/invoke/MemberName'{0x0000000081ff4ba8} = {method} {0x000001c0db8f0288} 'invokeVirtual' '(Ljava/lang/Object;Ljava/lang/Object;Ljava/lang/Object;)Ljava/lang/Object;' in 'java/lang/invoke/LambdaForm$DMH+0x000001c09b154000' (0x81ff4a78)

MethodHandle::interpreter_entry::_linkToVirtual [0x000001c08f9165d7, 0x000001c08f91662a] (83 bytes)
[MachCode]
  0x000001c08f9165d7: 660f 1f84 | 0000 0000 | 0048 8b53 | 080f b752 | 2e48 8b0c | d458 5b50 | 448b 5108 | 49bb 0000 
  0x000001c08f9165f7: 009a c001 | 0000 4d03 | d34c 8b5b | 104b 8b9c | dac8 0100 | 0048 85db | 0f84 1000 | 0000 4180 
  0x000001c08f916617: bfe0 0500 | 0000 7403 | ff63 38ff | 6350 e9d6 | 
[/MachCode]

---------------  P R O C E S S  ---------------

Threads class SMR info:
_java_thread_list=0x000001c0e3b46620, length=23, elements={
0x000001c0975874c0, 0x000001c097588b80, 0x000001c09758cb80, 0x000001c09758dd80,
0x000001c09758e910, 0x000001c0999d6820, 0x000001c0999de990, 0x000001c0999e1050,
0x000001c099af7dc0, 0x000001c099bcdbb0, 0x000001c099bbd6b0, 0x000001c099b95dd0,
0x000001c0df7d1080, 0x000001c0e3a147a0, 0x000001c0e188fb80, 0x000001c0e18922e0,
0x000001c0e1d4c9c0, 0x000001c0e3b3a720, 0x000001c0e3b40300, 0x000001c0e3b3ce80,
0x000001c0e3b39a00, 0x000001c0ed38b800, 0x000001c0ed38b170
}

Java Threads: ( => current thread )
  0x000001c0975874c0 JavaThread "Reference Handler"          daemon [_thread_blocked, id=6888, stack(0x0000002ffd700000,0x0000002ffd800000) (1024K)]
  0x000001c097588b80 JavaThread "Finalizer"                  daemon [_thread_blocked, id=1456, stack(0x0000002ffd800000,0x0000002ffd900000) (1024K)]
  0x000001c09758cb80 JavaThread "Signal Dispatcher"          daemon [_thread_blocked, id=11820, stack(0x0000002ffd900000,0x0000002ffda00000) (1024K)]
  0x000001c09758dd80 JavaThread "Attach Listener"            daemon [_thread_blocked, id=932, stack(0x0000002ffda00000,0x0000002ffdb00000) (1024K)]
  0x000001c09758e910 JavaThread "Service Thread"             daemon [_thread_blocked, id=14528, stack(0x0000002ffdb00000,0x0000002ffdc00000) (1024K)]
  0x000001c0999d6820 JavaThread "Monitor Deflation Thread"   daemon [_thread_blocked, id=9928, stack(0x0000002ffdc00000,0x0000002ffdd00000) (1024K)]
  0x000001c0999de990 JavaThread "C2 CompilerThread0"         daemon [_thread_blocked, id=10072, stack(0x0000002ffdd00000,0x0000002ffde00000) (1024K)]
  0x000001c0999e1050 JavaThread "C1 CompilerThread0"         daemon [_thread_blocked, id=21848, stack(0x0000002ffde00000,0x0000002ffdf00000) (1024K)]
  0x000001c099af7dc0 JavaThread "Common-Cleaner"             daemon [_thread_blocked, id=3772, stack(0x0000002ffdf00000,0x0000002ffe000000) (1024K)]
  0x000001c099bcdbb0 JavaThread "JDWP Transport Listener: dt_socket" daemon [_thread_blocked, id=18768, stack(0x0000002ffe000000,0x0000002ffe100000) (1024K)]
  0x000001c099bbd6b0 JavaThread "JDWP Event Helper Thread"   daemon [_thread_blocked, id=11052, stack(0x0000002ffe100000,0x0000002ffe200000) (1024K)]
  0x000001c099b95dd0 JavaThread "JDWP Command Reader"        daemon [_thread_in_native, id=9800, stack(0x0000002ffe200000,0x0000002ffe300000) (1024K)]
  0x000001c0df7d1080 JavaThread "Notification Thread"        daemon [_thread_blocked, id=23524, stack(0x0000002ffe400000,0x0000002ffe500000) (1024K)]
  0x000001c0e3a147a0 JavaThread "mysql-cj-abandoned-connection-cleanup" daemon [_thread_blocked, id=4024, stack(0x0000002ffe900000,0x0000002ffea00000) (1024K)]
  0x000001c0e188fb80 JavaThread "idle-connection-reaper"     daemon [_thread_blocked, id=23536, stack(0x0000002fff200000,0x0000002fff300000) (1024K)]
  0x000001c0e18922e0 JavaThread "Live Reload Server"         daemon [_thread_in_native, id=22920, stack(0x0000002fff500000,0x0000002fff600000) (1024K)]
  0x000001c0e1d4c9c0 JavaThread "DestroyJavaVM"                     [_thread_blocked, id=2808, stack(0x0000002ffcf00000,0x0000002ffd000000) (1024K)]
  0x000001c0e3b3a720 JavaThread "HikariPool-20 housekeeper"  daemon [_thread_blocked, id=5112, stack(0x0000002f80300000,0x0000002f80400000) (1024K)]
  0x000001c0e3b40300 JavaThread "Catalina-utility-1"                [_thread_blocked, id=9752, stack(0x0000002f80500000,0x0000002f80600000) (1024K)]
  0x000001c0e3b3ce80 JavaThread "Catalina-utility-2"                [_thread_blocked, id=12268, stack(0x0000002f80600000,0x0000002f80700000) (1024K)]
  0x000001c0e3b39a00 JavaThread "container-0"                       [_thread_blocked, id=10424, stack(0x0000002f80700000,0x0000002f80800000) (1024K)]
=>0x000001c0ed38b800 JavaThread "http-nio-8080-exec-6"       daemon [_thread_in_Java, id=16284, stack(0x0000002f80f00000,0x0000002f81000000) (1024K)]
  0x000001c0ed38b170 JavaThread "Thread-79"                         [_thread_blocked, id=22096, stack(0x0000002f80000000,0x0000002f80100000) (1024K)]
Total: 23

Other Threads:
  0x000001c097568160 VMThread "VM Thread"                           [id=15308, stack(0x0000002ffd600000,0x0000002ffd700000) (1024K)]
  0x000001c09754f990 WatcherThread "VM Periodic Task Thread"        [id=14836, stack(0x0000002ffd500000,0x0000002ffd600000) (1024K)]
  0x000001c0fb8be020 WorkerThread "GC Thread#0"                     [id=3516, stack(0x0000002ffd000000,0x0000002ffd100000) (1024K)]
  0x000001c0df8c51e0 WorkerThread "GC Thread#1"                     [id=20296, stack(0x0000002ffe500000,0x0000002ffe600000) (1024K)]
  0x000001c0df8c5580 WorkerThread "GC Thread#2"                     [id=16396, stack(0x0000002ffe600000,0x0000002ffe700000) (1024K)]
  0x000001c0df94b0c0 WorkerThread "GC Thread#3"                     [id=12240, stack(0x0000002ffe700000,0x0000002ffe800000) (1024K)]
  0x000001c0fb8cf2b0 ConcurrentGCThread "G1 Main Marker"            [id=17840, stack(0x0000002ffd100000,0x0000002ffd200000) (1024K)]
  0x000001c0973d2010 WorkerThread "G1 Conc#0"                       [id=6388, stack(0x0000002ffd200000,0x0000002ffd300000) (1024K)]
  0x000001c097413460 ConcurrentGCThread "G1 Refine#0"               [id=12580, stack(0x0000002ffd300000,0x0000002ffd400000) (1024K)]
  0x000001c097413fd0 ConcurrentGCThread "G1 Service"                [id=13504, stack(0x0000002ffd400000,0x0000002ffd500000) (1024K)]
Total: 10

Threads with active compile tasks:
Total: 0

VM state: not at safepoint (normal execution)

VM Mutex/Monitor currently owned by a thread: None

Heap address: 0x0000000081e00000, size: 2018 MB, Compressed Oops mode: 32-bit

CDS archive(s) mapped at: [0x000001c09a000000-0x000001c09ac90000-0x000001c09ac90000), size 13172736, SharedBaseAddress: 0x000001c09a000000, ArchiveRelocationMode: 1.
Compressed class space mapped at: 0x000001c09b000000-0x000001c0db000000, reserved size: 1073741824
Narrow klass base: 0x000001c09a000000, Narrow klass shift: 0, Narrow klass range: 0x100000000

GC Precious Log:
 CardTable entry size: 512
 Card Set container configuration: InlinePtr #cards 5 size 8 Array Of Cards #cards 12 size 40 Howl #buckets 4 coarsen threshold 1843 Howl Bitmap #cards 512 size 80 coarsen threshold 460 Card regions per heap region 1 cards per card region 2048
 CPUs: 4 total, 4 available
 Memory: 8071M
 Large Page Support: Disabled
 NUMA Support: Disabled
 Compressed Oops: Enabled (32-bit)
 Heap Region Size: 1M
 Heap Min Capacity: 8M
 Heap Initial Capacity: 128M
 Heap Max Capacity: 2018M
 Pre-touch: Disabled
 Parallel Workers: 4
 Concurrent Workers: 1
 Concurrent Refinement Workers: 4
 Periodic GC: Disabled

Heap:
 garbage-first heap   total 176128K, used 121953K [0x0000000081e00000, 0x0000000100000000)
  region size 1024K, 55 young (56320K), 12 survivors (12288K)
 Metaspace       used 141719K, committed 142592K, reserved 1179648K
  class space    used 15822K, committed 16256K, reserved 1048576K

Heap Regions: E=young(eden), S=young(survivor), O=old, HS=humongous(starts), HC=humongous(continues), CS=collection set, F=free, TAMS=top-at-mark-start, PB=parsable bottom
|   0|0x0000000081e00000, 0x0000000081f00000, 0x0000000081f00000|100%|HS|  |TAMS 0x0000000081e00000| PB 0x0000000081e00000| Complete 
|   1|0x0000000081f00000, 0x0000000081ffffd8, 0x0000000082000000| 99%| O|  |TAMS 0x0000000081f00000| PB 0x0000000081f00000| Untracked 
|   2|0x0000000082000000, 0x00000000820ffff8, 0x0000000082100000| 99%| O|  |TAMS 0x0000000082000000| PB 0x0000000082000000| Untracked 
|   3|0x0000000082100000, 0x0000000082200000, 0x0000000082200000|100%| O|  |TAMS 0x0000000082100000| PB 0x0000000082100000| Untracked 
|   4|0x0000000082200000, 0x0000000082300000, 0x0000000082300000|100%| O|  |TAMS 0x0000000082200000| PB 0x0000000082200000| Untracked 
|   5|0x0000000082300000, 0x00000000823fffe8, 0x0000000082400000| 99%| O|  |TAMS 0x0000000082300000| PB 0x0000000082300000| Untracked 
|   6|0x0000000082400000, 0x0000000082500000, 0x0000000082500000|100%| O|  |TAMS 0x0000000082400000| PB 0x0000000082400000| Untracked 
|   7|0x0000000082500000, 0x00000000825ffff0, 0x0000000082600000| 99%| O|  |TAMS 0x0000000082500000| PB 0x0000000082500000| Untracked 
|   8|0x0000000082600000, 0x00000000826f8928, 0x0000000082700000| 97%| O|  |TAMS 0x0000000082600000| PB 0x0000000082600000| Untracked 
|   9|0x0000000082700000, 0x00000000827fffd8, 0x0000000082800000| 99%| O|  |TAMS 0x0000000082700000| PB 0x0000000082700000| Untracked 
|  10|0x0000000082800000, 0x00000000828fffe8, 0x0000000082900000| 99%| O|  |TAMS 0x0000000082800000| PB 0x0000000082800000| Untracked 
|  11|0x0000000082900000, 0x00000000829ffff0, 0x0000000082a00000| 99%| O|  |TAMS 0x0000000082900000| PB 0x0000000082900000| Untracked 
|  12|0x0000000082a00000, 0x0000000082affff8, 0x0000000082b00000| 99%| O|  |TAMS 0x0000000082a00000| PB 0x0000000082a00000| Untracked 
|  13|0x0000000082b00000, 0x0000000082bffff8, 0x0000000082c00000| 99%| O|  |TAMS 0x0000000082b00000| PB 0x0000000082b00000| Untracked 
|  14|0x0000000082c00000, 0x0000000082cffcb8, 0x0000000082d00000| 99%| O|  |TAMS 0x0000000082c00000| PB 0x0000000082c00000| Untracked 
|  15|0x0000000082d00000, 0x0000000082dfffc8, 0x0000000082e00000| 99%| O|  |TAMS 0x0000000082d00000| PB 0x0000000082d00000| Untracked 
|  16|0x0000000082e00000, 0x0000000082efff38, 0x0000000082f00000| 99%| O|  |TAMS 0x0000000082e00000| PB 0x0000000082e00000| Untracked 
|  17|0x0000000082f00000, 0x0000000083000000, 0x0000000083000000|100%| O|  |TAMS 0x0000000082f00000| PB 0x0000000082f00000| Untracked 
|  18|0x0000000083000000, 0x0000000083100000, 0x0000000083100000|100%| O|  |TAMS 0x0000000083000000| PB 0x0000000083000000| Untracked 
|  19|0x0000000083100000, 0x00000000831ffaa0, 0x0000000083200000| 99%| O|  |TAMS 0x0000000083100000| PB 0x0000000083100000| Untracked 
|  20|0x0000000083200000, 0x00000000832fffd8, 0x0000000083300000| 99%| O|  |TAMS 0x0000000083200000| PB 0x0000000083200000| Untracked 
|  21|0x0000000083300000, 0x00000000833ffff0, 0x0000000083400000| 99%| O|  |TAMS 0x0000000083300000| PB 0x0000000083300000| Untracked 
|  22|0x0000000083400000, 0x00000000834fffe8, 0x0000000083500000| 99%| O|  |TAMS 0x0000000083400000| PB 0x0000000083400000| Untracked 
|  23|0x0000000083500000, 0x00000000835ffff0, 0x0000000083600000| 99%| O|  |TAMS 0x0000000083500000| PB 0x0000000083500000| Untracked 
|  24|0x0000000083600000, 0x00000000836fffe8, 0x0000000083700000| 99%| O|  |TAMS 0x0000000083600000| PB 0x0000000083600000| Untracked 
|  25|0x0000000083700000, 0x0000000083800000, 0x0000000083800000|100%| O|  |TAMS 0x0000000083700000| PB 0x0000000083700000| Untracked 
|  26|0x0000000083800000, 0x00000000838ffc98, 0x0000000083900000| 99%| O|  |TAMS 0x0000000083800000| PB 0x0000000083800000| Untracked 
|  27|0x0000000083900000, 0x00000000839fff80, 0x0000000083a00000| 99%| O|  |TAMS 0x0000000083900000| PB 0x0000000083900000| Untracked 
|  28|0x0000000083a00000, 0x0000000083afffe8, 0x0000000083b00000| 99%| O|  |TAMS 0x0000000083a00000| PB 0x0000000083a00000| Untracked 
|  29|0x0000000083b00000, 0x0000000083bffff8, 0x0000000083c00000| 99%| O|  |TAMS 0x0000000083b00000| PB 0x0000000083b00000| Untracked 
|  30|0x0000000083c00000, 0x0000000083cffff0, 0x0000000083d00000| 99%| O|  |TAMS 0x0000000083c00000| PB 0x0000000083c00000| Untracked 
|  31|0x0000000083d00000, 0x0000000083dfffa0, 0x0000000083e00000| 99%| O|  |TAMS 0x0000000083d00000| PB 0x0000000083d00000| Untracked 
|  32|0x0000000083e00000, 0x0000000083efffe8, 0x0000000083f00000| 99%| O|  |TAMS 0x0000000083e00000| PB 0x0000000083e00000| Untracked 
|  33|0x0000000083f00000, 0x0000000083ffffe0, 0x0000000084000000| 99%| O|  |TAMS 0x0000000083f00000| PB 0x0000000083f00000| Untracked 
|  34|0x0000000084000000, 0x00000000840fffd0, 0x0000000084100000| 99%| O|  |TAMS 0x0000000084000000| PB 0x0000000084000000| Untracked 
|  35|0x0000000084100000, 0x00000000841fffd8, 0x0000000084200000| 99%| O|  |TAMS 0x0000000084100000| PB 0x0000000084100000| Untracked 
|  36|0x0000000084200000, 0x00000000842fffe8, 0x0000000084300000| 99%| O|  |TAMS 0x0000000084200000| PB 0x0000000084200000| Untracked 
|  37|0x0000000084300000, 0x00000000843ffff8, 0x0000000084400000| 99%| O|  |TAMS 0x0000000084300000| PB 0x0000000084300000| Untracked 
|  38|0x0000000084400000, 0x0000000084500000, 0x0000000084500000|100%| O|  |TAMS 0x0000000084400000| PB 0x0000000084400000| Untracked 
|  39|0x0000000084500000, 0x00000000845fffd8, 0x0000000084600000| 99%| O|  |TAMS 0x0000000084500000| PB 0x0000000084500000| Untracked 
|  40|0x0000000084600000, 0x00000000846fffe8, 0x0000000084700000| 99%| O|  |TAMS 0x0000000084600000| PB 0x0000000084600000| Untracked 
|  41|0x0000000084700000, 0x00000000847fffa0, 0x0000000084800000| 99%| O|  |TAMS 0x0000000084700000| PB 0x0000000084700000| Untracked 
|  42|0x0000000084800000, 0x00000000848fffb8, 0x0000000084900000| 99%| O|  |TAMS 0x0000000084800000| PB 0x0000000084800000| Untracked 
|  43|0x0000000084900000, 0x0000000084a00000, 0x0000000084a00000|100%| O|  |TAMS 0x0000000084900000| PB 0x0000000084900000| Untracked 
|  44|0x0000000084a00000, 0x0000000084affff8, 0x0000000084b00000| 99%| O|  |TAMS 0x0000000084a00000| PB 0x0000000084a00000| Untracked 
|  45|0x0000000084b00000, 0x0000000084bfffb0, 0x0000000084c00000| 99%| O|  |TAMS 0x0000000084b00000| PB 0x0000000084b00000| Untracked 
|  46|0x0000000084c00000, 0x0000000084cffff0, 0x0000000084d00000| 99%| O|  |TAMS 0x0000000084c00000| PB 0x0000000084c00000| Untracked 
|  47|0x0000000084d00000, 0x0000000084e00000, 0x0000000084e00000|100%| O|  |TAMS 0x0000000084d00000| PB 0x0000000084d00000| Untracked 
|  48|0x0000000084e00000, 0x0000000084effff0, 0x0000000084f00000| 99%| O|  |TAMS 0x0000000084e00000| PB 0x0000000084e00000| Untracked 
|  49|0x0000000084f00000, 0x0000000084fffff8, 0x0000000085000000| 99%| O|  |TAMS 0x0000000084f00000| PB 0x0000000084f00000| Untracked 
|  50|0x0000000085000000, 0x00000000850ffff0, 0x0000000085100000| 99%| O|  |TAMS 0x0000000085000000| PB 0x0000000085000000| Untracked 
|  51|0x0000000085100000, 0x00000000851ffb00, 0x0000000085200000| 99%| O|  |TAMS 0x0000000085100000| PB 0x0000000085100000| Untracked 
|  52|0x0000000085200000, 0x00000000852fffe0, 0x0000000085300000| 99%| O|  |TAMS 0x0000000085200000| PB 0x0000000085200000| Untracked 
|  53|0x0000000085300000, 0x0000000085400000, 0x0000000085400000|100%| O|  |TAMS 0x0000000085300000| PB 0x0000000085300000| Untracked 
|  54|0x0000000085400000, 0x00000000854ffff8, 0x0000000085500000| 99%| O|  |TAMS 0x0000000085400000| PB 0x0000000085400000| Untracked 
|  55|0x0000000085500000, 0x00000000855fff78, 0x0000000085600000| 99%| O|  |TAMS 0x0000000085500000| PB 0x0000000085500000| Untracked 
|  56|0x0000000085600000, 0x000000008568fdc8, 0x0000000085700000| 56%| O|  |TAMS 0x0000000085600000| PB 0x0000000085600000| Untracked 
|  57|0x0000000085700000, 0x0000000085700000, 0x0000000085800000|  0%| F|  |TAMS 0x0000000085700000| PB 0x0000000085700000| Untracked 
|  58|0x0000000085800000, 0x00000000858d4668, 0x0000000085900000| 82%| O|  |TAMS 0x0000000085800000| PB 0x0000000085800000| Untracked 
|  59|0x0000000085900000, 0x0000000085a00000, 0x0000000085a00000|100%| O|  |TAMS 0x0000000085900000| PB 0x0000000085900000| Untracked 
|  60|0x0000000085a00000, 0x0000000085b00000, 0x0000000085b00000|100%| O|  |TAMS 0x0000000085a00000| PB 0x0000000085a00000| Untracked 
|  61|0x0000000085b00000, 0x0000000085c00000, 0x0000000085c00000|100%| O|  |TAMS 0x0000000085b00000| PB 0x0000000085b00000| Untracked 
|  62|0x0000000085c00000, 0x0000000085d00000, 0x0000000085d00000|100%| O|  |TAMS 0x0000000085c00000| PB 0x0000000085c00000| Untracked 
|  63|0x0000000085d00000, 0x0000000085e00000, 0x0000000085e00000|100%| O|  |TAMS 0x0000000085d00000| PB 0x0000000085d00000| Untracked 
|  64|0x0000000085e00000, 0x0000000085f00000, 0x0000000085f00000|100%| O|  |TAMS 0x0000000085e00000| PB 0x0000000085e00000| Untracked 
|  65|0x0000000085f00000, 0x0000000086000000, 0x0000000086000000|100%| O|  |TAMS 0x0000000085f00000| PB 0x0000000085f00000| Untracked 
|  66|0x0000000086000000, 0x00000000860bd0f0, 0x0000000086100000| 73%| O|  |TAMS 0x0000000086000000| PB 0x0000000086000000| Untracked 
|  67|0x0000000086100000, 0x0000000086100000, 0x0000000086200000|  0%| F|  |TAMS 0x0000000086100000| PB 0x0000000086100000| Untracked 
|  68|0x0000000086200000, 0x0000000086200000, 0x0000000086300000|  0%| F|  |TAMS 0x0000000086200000| PB 0x0000000086200000| Untracked 
|  69|0x0000000086300000, 0x0000000086300000, 0x0000000086400000|  0%| F|  |TAMS 0x0000000086300000| PB 0x0000000086300000| Untracked 
|  70|0x0000000086400000, 0x0000000086400000, 0x0000000086500000|  0%| F|  |TAMS 0x0000000086400000| PB 0x0000000086400000| Untracked 
|  71|0x0000000086500000, 0x0000000086600000, 0x0000000086600000|100%| S|CS|TAMS 0x0000000086500000| PB 0x0000000086500000| Complete 
|  72|0x0000000086600000, 0x0000000086700000, 0x0000000086700000|100%| S|CS|TAMS 0x0000000086600000| PB 0x0000000086600000| Complete 
|  73|0x0000000086700000, 0x0000000086800000, 0x0000000086800000|100%| S|CS|TAMS 0x0000000086700000| PB 0x0000000086700000| Complete 
|  74|0x0000000086800000, 0x0000000086900000, 0x0000000086900000|100%| S|CS|TAMS 0x0000000086800000| PB 0x0000000086800000| Complete 
|  75|0x0000000086900000, 0x0000000086a00000, 0x0000000086a00000|100%| S|CS|TAMS 0x0000000086900000| PB 0x0000000086900000| Complete 
|  76|0x0000000086a00000, 0x0000000086b00000, 0x0000000086b00000|100%| S|CS|TAMS 0x0000000086a00000| PB 0x0000000086a00000| Complete 
|  77|0x0000000086b00000, 0x0000000086c00000, 0x0000000086c00000|100%| S|CS|TAMS 0x0000000086b00000| PB 0x0000000086b00000| Complete 
|  78|0x0000000086c00000, 0x0000000086d00000, 0x0000000086d00000|100%| S|CS|TAMS 0x0000000086c00000| PB 0x0000000086c00000| Complete 
|  79|0x0000000086d00000, 0x0000000086e00000, 0x0000000086e00000|100%| S|CS|TAMS 0x0000000086d00000| PB 0x0000000086d00000| Complete 
|  80|0x0000000086e00000, 0x0000000086f00000, 0x0000000086f00000|100%| S|CS|TAMS 0x0000000086e00000| PB 0x0000000086e00000| Complete 
|  81|0x0000000086f00000, 0x0000000087000000, 0x0000000087000000|100%| S|CS|TAMS 0x0000000086f00000| PB 0x0000000086f00000| Complete 
|  82|0x0000000087000000, 0x0000000087100000, 0x0000000087100000|100%| S|CS|TAMS 0x0000000087000000| PB 0x0000000087000000| Complete 
|  83|0x0000000087100000, 0x0000000087100000, 0x0000000087200000|  0%| F|  |TAMS 0x0000000087100000| PB 0x0000000087100000| Untracked 
|  84|0x0000000087200000, 0x0000000087200000, 0x0000000087300000|  0%| F|  |TAMS 0x0000000087200000| PB 0x0000000087200000| Untracked 
|  85|0x0000000087300000, 0x0000000087300000, 0x0000000087400000|  0%| F|  |TAMS 0x0000000087300000| PB 0x0000000087300000| Untracked 
|  86|0x0000000087400000, 0x0000000087400000, 0x0000000087500000|  0%| F|  |TAMS 0x0000000087400000| PB 0x0000000087400000| Untracked 
|  87|0x0000000087500000, 0x0000000087500000, 0x0000000087600000|  0%| F|  |TAMS 0x0000000087500000| PB 0x0000000087500000| Untracked 
|  88|0x0000000087600000, 0x0000000087600000, 0x0000000087700000|  0%| F|  |TAMS 0x0000000087600000| PB 0x0000000087600000| Untracked 
|  89|0x0000000087700000, 0x0000000087700000, 0x0000000087800000|  0%| F|  |TAMS 0x0000000087700000| PB 0x0000000087700000| Untracked 
|  90|0x0000000087800000, 0x0000000087800000, 0x0000000087900000|  0%| F|  |TAMS 0x0000000087800000| PB 0x0000000087800000| Untracked 
|  91|0x0000000087900000, 0x0000000087900000, 0x0000000087a00000|  0%| F|  |TAMS 0x0000000087900000| PB 0x0000000087900000| Untracked 
|  92|0x0000000087a00000, 0x0000000087a00000, 0x0000000087b00000|  0%| F|  |TAMS 0x0000000087a00000| PB 0x0000000087a00000| Untracked 
|  93|0x0000000087b00000, 0x0000000087b00000, 0x0000000087c00000|  0%| F|  |TAMS 0x0000000087b00000| PB 0x0000000087b00000| Untracked 
|  94|0x0000000087c00000, 0x0000000087c00000, 0x0000000087d00000|  0%| F|  |TAMS 0x0000000087c00000| PB 0x0000000087c00000| Untracked 
|  95|0x0000000087d00000, 0x0000000087d00000, 0x0000000087e00000|  0%| F|  |TAMS 0x0000000087d00000| PB 0x0000000087d00000| Untracked 
|  96|0x0000000087e00000, 0x0000000087e00000, 0x0000000087f00000|  0%| F|  |TAMS 0x0000000087e00000| PB 0x0000000087e00000| Untracked 
|  97|0x0000000087f00000, 0x0000000087f00000, 0x0000000088000000|  0%| F|  |TAMS 0x0000000087f00000| PB 0x0000000087f00000| Untracked 
|  98|0x0000000088000000, 0x0000000088000000, 0x0000000088100000|  0%| F|  |TAMS 0x0000000088000000| PB 0x0000000088000000| Untracked 
|  99|0x0000000088100000, 0x0000000088100000, 0x0000000088200000|  0%| F|  |TAMS 0x0000000088100000| PB 0x0000000088100000| Untracked 
| 100|0x0000000088200000, 0x0000000088200000, 0x0000000088300000|  0%| F|  |TAMS 0x0000000088200000| PB 0x0000000088200000| Untracked 
| 101|0x0000000088300000, 0x0000000088300000, 0x0000000088400000|  0%| F|  |TAMS 0x0000000088300000| PB 0x0000000088300000| Untracked 
| 102|0x0000000088400000, 0x0000000088400000, 0x0000000088500000|  0%| F|  |TAMS 0x0000000088400000| PB 0x0000000088400000| Untracked 
| 103|0x0000000088500000, 0x0000000088500000, 0x0000000088600000|  0%| F|  |TAMS 0x0000000088500000| PB 0x0000000088500000| Untracked 
| 104|0x0000000088600000, 0x0000000088600000, 0x0000000088700000|  0%| F|  |TAMS 0x0000000088600000| PB 0x0000000088600000| Untracked 
| 105|0x0000000088700000, 0x0000000088700000, 0x0000000088800000|  0%| F|  |TAMS 0x0000000088700000| PB 0x0000000088700000| Untracked 
| 106|0x0000000088800000, 0x0000000088800000, 0x0000000088900000|  0%| F|  |TAMS 0x0000000088800000| PB 0x0000000088800000| Untracked 
| 107|0x0000000088900000, 0x0000000088900000, 0x0000000088a00000|  0%| F|  |TAMS 0x0000000088900000| PB 0x0000000088900000| Untracked 
| 108|0x0000000088a00000, 0x0000000088a00000, 0x0000000088b00000|  0%| F|  |TAMS 0x0000000088a00000| PB 0x0000000088a00000| Untracked 
| 109|0x0000000088b00000, 0x0000000088b00000, 0x0000000088c00000|  0%| F|  |TAMS 0x0000000088b00000| PB 0x0000000088b00000| Untracked 
| 110|0x0000000088c00000, 0x0000000088c00000, 0x0000000088d00000|  0%| F|  |TAMS 0x0000000088c00000| PB 0x0000000088c00000| Untracked 
| 111|0x0000000088d00000, 0x0000000088d00000, 0x0000000088e00000|  0%| F|  |TAMS 0x0000000088d00000| PB 0x0000000088d00000| Untracked 
| 112|0x0000000088e00000, 0x0000000088e00000, 0x0000000088f00000|  0%| F|  |TAMS 0x0000000088e00000| PB 0x0000000088e00000| Untracked 
| 113|0x0000000088f00000, 0x0000000088f00000, 0x0000000089000000|  0%| F|  |TAMS 0x0000000088f00000| PB 0x0000000088f00000| Untracked 
| 114|0x0000000089000000, 0x0000000089000000, 0x0000000089100000|  0%| F|  |TAMS 0x0000000089000000| PB 0x0000000089000000| Untracked 
| 115|0x0000000089100000, 0x0000000089100000, 0x0000000089200000|  0%| F|  |TAMS 0x0000000089100000| PB 0x0000000089100000| Untracked 
| 116|0x0000000089200000, 0x0000000089200000, 0x0000000089300000|  0%| F|  |TAMS 0x0000000089200000| PB 0x0000000089200000| Untracked 
| 117|0x0000000089300000, 0x0000000089300000, 0x0000000089400000|  0%| F|  |TAMS 0x0000000089300000| PB 0x0000000089300000| Untracked 
| 118|0x0000000089400000, 0x0000000089400000, 0x0000000089500000|  0%| F|  |TAMS 0x0000000089400000| PB 0x0000000089400000| Untracked 
| 119|0x0000000089500000, 0x0000000089500000, 0x0000000089600000|  0%| F|  |TAMS 0x0000000089500000| PB 0x0000000089500000| Untracked 
| 120|0x0000000089600000, 0x0000000089600000, 0x0000000089700000|  0%| F|  |TAMS 0x0000000089600000| PB 0x0000000089600000| Untracked 
| 121|0x0000000089700000, 0x0000000089700000, 0x0000000089800000|  0%| F|  |TAMS 0x0000000089700000| PB 0x0000000089700000| Untracked 
| 122|0x0000000089800000, 0x0000000089800000, 0x0000000089900000|  0%| F|  |TAMS 0x0000000089800000| PB 0x0000000089800000| Untracked 
| 123|0x0000000089900000, 0x0000000089900000, 0x0000000089a00000|  0%| F|  |TAMS 0x0000000089900000| PB 0x0000000089900000| Untracked 
| 124|0x0000000089a00000, 0x0000000089a00000, 0x0000000089b00000|  0%| F|  |TAMS 0x0000000089a00000| PB 0x0000000089a00000| Untracked 
| 125|0x0000000089b00000, 0x0000000089b00000, 0x0000000089c00000|  0%| F|  |TAMS 0x0000000089b00000| PB 0x0000000089b00000| Untracked 
| 126|0x0000000089c00000, 0x0000000089c00000, 0x0000000089d00000|  0%| F|  |TAMS 0x0000000089c00000| PB 0x0000000089c00000| Untracked 
| 127|0x0000000089d00000, 0x0000000089d00000, 0x0000000089e00000|  0%| F|  |TAMS 0x0000000089d00000| PB 0x0000000089d00000| Untracked 
| 128|0x0000000089e00000, 0x0000000089e00000, 0x0000000089f00000|  0%| F|  |TAMS 0x0000000089e00000| PB 0x0000000089e00000| Untracked 
| 129|0x0000000089f00000, 0x0000000089fcfb08, 0x000000008a000000| 81%| E|  |TAMS 0x0000000089f00000| PB 0x0000000089f00000| Complete 
| 130|0x000000008a000000, 0x000000008a100000, 0x000000008a100000|100%| E|CS|TAMS 0x000000008a000000| PB 0x000000008a000000| Complete 
| 131|0x000000008a100000, 0x000000008a200000, 0x000000008a200000|100%| E|CS|TAMS 0x000000008a100000| PB 0x000000008a100000| Complete 
| 132|0x000000008a200000, 0x000000008a300000, 0x000000008a300000|100%| E|CS|TAMS 0x000000008a200000| PB 0x000000008a200000| Complete 
| 133|0x000000008a300000, 0x000000008a400000, 0x000000008a400000|100%| E|CS|TAMS 0x000000008a300000| PB 0x000000008a300000| Complete 
| 134|0x000000008a400000, 0x000000008a500000, 0x000000008a500000|100%| E|CS|TAMS 0x000000008a400000| PB 0x000000008a400000| Complete 
| 135|0x000000008a500000, 0x000000008a600000, 0x000000008a600000|100%| E|CS|TAMS 0x000000008a500000| PB 0x000000008a500000| Complete 
| 136|0x000000008a600000, 0x000000008a700000, 0x000000008a700000|100%| E|CS|TAMS 0x000000008a600000| PB 0x000000008a600000| Complete 
| 137|0x000000008a700000, 0x000000008a800000, 0x000000008a800000|100%| E|CS|TAMS 0x000000008a700000| PB 0x000000008a700000| Complete 
| 138|0x000000008a800000, 0x000000008a900000, 0x000000008a900000|100%| E|CS|TAMS 0x000000008a800000| PB 0x000000008a800000| Complete 
| 139|0x000000008a900000, 0x000000008aa00000, 0x000000008aa00000|100%| E|CS|TAMS 0x000000008a900000| PB 0x000000008a900000| Complete 
| 140|0x000000008aa00000, 0x000000008ab00000, 0x000000008ab00000|100%| E|CS|TAMS 0x000000008aa00000| PB 0x000000008aa00000| Complete 
| 141|0x000000008ab00000, 0x000000008ac00000, 0x000000008ac00000|100%| E|CS|TAMS 0x000000008ab00000| PB 0x000000008ab00000| Complete 
| 142|0x000000008ac00000, 0x000000008ad00000, 0x000000008ad00000|100%| E|CS|TAMS 0x000000008ac00000| PB 0x000000008ac00000| Complete 
| 143|0x000000008ad00000, 0x000000008ae00000, 0x000000008ae00000|100%| E|CS|TAMS 0x000000008ad00000| PB 0x000000008ad00000| Complete 
| 144|0x000000008ae00000, 0x000000008af00000, 0x000000008af00000|100%| E|CS|TAMS 0x000000008ae00000| PB 0x000000008ae00000| Complete 
| 145|0x000000008af00000, 0x000000008b000000, 0x000000008b000000|100%| E|CS|TAMS 0x000000008af00000| PB 0x000000008af00000| Complete 
| 146|0x000000008b000000, 0x000000008b100000, 0x000000008b100000|100%| E|CS|TAMS 0x000000008b000000| PB 0x000000008b000000| Complete 
| 147|0x000000008b100000, 0x000000008b200000, 0x000000008b200000|100%| E|CS|TAMS 0x000000008b100000| PB 0x000000008b100000| Complete 
| 148|0x000000008b200000, 0x000000008b300000, 0x000000008b300000|100%| E|CS|TAMS 0x000000008b200000| PB 0x000000008b200000| Complete 
| 149|0x000000008b300000, 0x000000008b400000, 0x000000008b400000|100%| E|CS|TAMS 0x000000008b300000| PB 0x000000008b300000| Complete 
| 150|0x000000008b400000, 0x000000008b500000, 0x000000008b500000|100%| E|CS|TAMS 0x000000008b400000| PB 0x000000008b400000| Complete 
| 151|0x000000008b500000, 0x000000008b600000, 0x000000008b600000|100%| E|CS|TAMS 0x000000008b500000| PB 0x000000008b500000| Complete 
| 152|0x000000008b600000, 0x000000008b700000, 0x000000008b700000|100%| E|CS|TAMS 0x000000008b600000| PB 0x000000008b600000| Complete 
| 153|0x000000008b700000, 0x000000008b800000, 0x000000008b800000|100%| E|CS|TAMS 0x000000008b700000| PB 0x000000008b700000| Complete 
| 154|0x000000008b800000, 0x000000008b900000, 0x000000008b900000|100%| E|CS|TAMS 0x000000008b800000| PB 0x000000008b800000| Complete 
| 155|0x000000008b900000, 0x000000008ba00000, 0x000000008ba00000|100%| E|CS|TAMS 0x000000008b900000| PB 0x000000008b900000| Complete 
| 156|0x000000008ba00000, 0x000000008bb00000, 0x000000008bb00000|100%| E|CS|TAMS 0x000000008ba00000| PB 0x000000008ba00000| Complete 
| 157|0x000000008bb00000, 0x000000008bc00000, 0x000000008bc00000|100%| E|CS|TAMS 0x000000008bb00000| PB 0x000000008bb00000| Complete 
| 158|0x000000008bc00000, 0x000000008bd00000, 0x000000008bd00000|100%| E|CS|TAMS 0x000000008bc00000| PB 0x000000008bc00000| Complete 
| 159|0x000000008bd00000, 0x000000008be00000, 0x000000008be00000|100%| E|CS|TAMS 0x000000008bd00000| PB 0x000000008bd00000| Complete 
| 160|0x000000008be00000, 0x000000008bf00000, 0x000000008bf00000|100%| E|CS|TAMS 0x000000008be00000| PB 0x000000008be00000| Complete 
| 161|0x000000008bf00000, 0x000000008c000000, 0x000000008c000000|100%| E|CS|TAMS 0x000000008bf00000| PB 0x000000008bf00000| Complete 
| 162|0x000000008c000000, 0x000000008c100000, 0x000000008c100000|100%| E|CS|TAMS 0x000000008c000000| PB 0x000000008c000000| Complete 
| 163|0x000000008c100000, 0x000000008c200000, 0x000000008c200000|100%| E|CS|TAMS 0x000000008c100000| PB 0x000000008c100000| Complete 
| 164|0x000000008c200000, 0x000000008c300000, 0x000000008c300000|100%| E|CS|TAMS 0x000000008c200000| PB 0x000000008c200000| Complete 
| 165|0x000000008c300000, 0x000000008c400000, 0x000000008c400000|100%| E|CS|TAMS 0x000000008c300000| PB 0x000000008c300000| Complete 
| 166|0x000000008c400000, 0x000000008c500000, 0x000000008c500000|100%| E|CS|TAMS 0x000000008c400000| PB 0x000000008c400000| Complete 
| 167|0x000000008c500000, 0x000000008c600000, 0x000000008c600000|100%| E|CS|TAMS 0x000000008c500000| PB 0x000000008c500000| Complete 
| 168|0x000000008c600000, 0x000000008c700000, 0x000000008c700000|100%| E|CS|TAMS 0x000000008c600000| PB 0x000000008c600000| Complete 
| 169|0x000000008c700000, 0x000000008c800000, 0x000000008c800000|100%| E|CS|TAMS 0x000000008c700000| PB 0x000000008c700000| Complete 
| 170|0x000000008c800000, 0x000000008c900000, 0x000000008c900000|100%| E|CS|TAMS 0x000000008c800000| PB 0x000000008c800000| Complete 
| 171|0x000000008c900000, 0x000000008ca00000, 0x000000008ca00000|100%| E|CS|TAMS 0x000000008c900000| PB 0x000000008c900000| Complete 

Card table byte_map: [0x000001c0fdb10000,0x000001c0fdf10000] _byte_map_base: 0x000001c0fd701000

Marking Bits: (CMBitMap*) 0x000001c0fb8bf730
 Bits: [0x000001c0fdf10000, 0x000001c0ffe98000)

Polling page: 0x000001c0fb910000

Metaspace:

Usage:
  Non-class:    122.95 MB used.
      Class:     15.45 MB used.
       Both:    138.40 MB used.

Virtual space:
  Non-class space:      128.00 MB reserved,     123.38 MB ( 96%) committed,  2 nodes.
      Class space:        1.00 GB reserved,      15.88 MB (  2%) committed,  1 nodes.
             Both:        1.12 GB reserved,     139.25 MB ( 12%) committed. 

Chunk freelists:
   Non-Class:  4.52 MB
       Class:  53.00 KB
        Both:  4.57 MB

MaxMetaspaceSize: unlimited
CompressedClassSpaceSize: 1.00 GB
Initial GC threshold: 21.00 MB
Current GC threshold: 228.06 MB
CDS: on
 - commit_granule_bytes: 65536.
 - commit_granule_words: 8192.
 - virtual_space_node_default_size: 8388608.
 - enlarge_chunks_in_place: 1.
 - use_allocation_guard: 0.


Internal statistics:

num_allocs_failed_limit: 9.
num_arena_births: 2840.
num_arena_deaths: 1672.
num_vsnodes_births: 3.
num_vsnodes_deaths: 0.
num_space_committed: 2428.
num_space_uncommitted: 136.
num_chunks_returned_to_freelist: 4381.
num_chunks_taken_from_freelist: 12139.
num_chunk_merges: 772.
num_chunk_splits: 6344.
num_chunks_enlarged: 4228.
num_inconsistent_stats: 0.

CodeHeap 'non-profiled nmethods': size=120000Kb used=20871Kb max_used=20871Kb free=99128Kb
 bounds [0x000001c08fe60000, 0x000001c0912d0000, 0x000001c097390000]
CodeHeap 'profiled nmethods': size=120000Kb used=24815Kb max_used=28014Kb free=95184Kb
 bounds [0x000001c088390000, 0x000001c089f00000, 0x000001c08f8c0000]
CodeHeap 'non-nmethods': size=5760Kb used=1861Kb max_used=2000Kb free=3898Kb
 bounds [0x000001c08f8c0000, 0x000001c08fb30000, 0x000001c08fe60000]
 total_blobs=13013 nmethods=12212 adapters=704
 compilation: enabled
              stopped_count=0, restarted_count=0
 full_count=0

Compilation events (20 events):
Event: 17755.748 Thread 0x000001c0999e1050 nmethod 55991 0x000001c08955b110 code [0x000001c08955b5a0, 0x000001c08955d948]
Event: 17755.748 Thread 0x000001c0999e1050 55994       3       com.fasterxml.jackson.core.json.JsonReadContext::expectComma (29 bytes)
Event: 17755.749 Thread 0x000001c0999e1050 nmethod 55994 0x000001c089836610 code [0x000001c0898367c0, 0x000001c089836970]
Event: 17755.749 Thread 0x000001c0999de990 nmethod 55993 0x000001c090ae3e90 code [0x000001c090ae4020, 0x000001c090ae4148]
Event: 17755.751 Thread 0x000001c0999e1050 55995       3       org.apache.catalina.connector.RequestFacade::getDispatcherType (12 bytes)
Event: 17755.752 Thread 0x000001c0999e1050 nmethod 55995 0x000001c08937f610 code [0x000001c08937f800, 0x000001c08937fba0]
Event: 17800.568 Thread 0x000001c0999e1050 55996       3       org.springframework.boot.env.EnvironmentPostProcessorApplicationListener::supportsEventType (33 bytes)
Event: 17800.570 Thread 0x000001c0999e1050 nmethod 55996 0x000001c08920cd90 code [0x000001c08920cf60, 0x000001c08920d1f8]
Event: 17800.570 Thread 0x000001c0999e1050 55997       3       org.springframework.boot.context.logging.LoggingApplicationListener::supportsEventType (12 bytes)
Event: 17800.571 Thread 0x000001c0999e1050 nmethod 55997 0x000001c089298390 code [0x000001c089298540, 0x000001c089298760]
Event: 17800.594 Thread 0x000001c0999e1050 55998       3       java.lang.StringBuilder::append (8 bytes)
Event: 17800.595 Thread 0x000001c0999e1050 nmethod 55998 0x000001c08949f110 code [0x000001c08949f2c0, 0x000001c08949f418]
Event: 17800.595 Thread 0x000001c0999de990 55999       4       java.lang.AbstractStringBuilder::putStringAt (19 bytes)
Event: 17800.599 Thread 0x000001c0999e1050 56001       3       java.util.concurrent.CountDownLatch$Sync::tryAcquireShared (13 bytes)
Event: 17800.600 Thread 0x000001c0999e1050 nmethod 56001 0x000001c08950d510 code [0x000001c08950d6c0, 0x000001c08950d860]
Event: 17800.600 Thread 0x000001c0999e1050 56002       3       java.nio.channels.spi.AbstractSelectableChannel::isBlocking (13 bytes)
Event: 17800.600 Thread 0x000001c0999e1050 nmethod 56002 0x000001c0889ed010 code [0x000001c0889ed1a0, 0x000001c0889ed310]
Event: 17800.603 Thread 0x000001c0999de990 nmethod 55999 0x000001c090b1ce10 code [0x000001c090b1cfc0, 0x000001c090b1d228]
Event: 17800.603 Thread 0x000001c0999de990 56000       4       java.lang.AbstractStringBuilder::inflateIfNeededFor (22 bytes)
Event: 17800.606 Thread 0x000001c0999de990 nmethod 56000 0x000001c090b1ca90 code [0x000001c090b1cc20, 0x000001c090b1cd08]

GC Heap History (20 events):
Event: 16804.133 GC heap before
{Heap before GC invocations=168 (full 17):
 garbage-first heap   total 160768K, used 81349K [0x0000000081e00000, 0x0000000100000000)
  region size 1024K, 18 young (18432K), 10 survivors (10240K)
 Metaspace       used 134016K, committed 134912K, reserved 1179648K
  class space    used 15219K, committed 15616K, reserved 1048576K
}
Event: 16804.265 GC heap after
{Heap after GC invocations=169 (full 18):
 garbage-first heap   total 160768K, used 56063K [0x0000000081e00000, 0x0000000100000000)
  region size 1024K, 0 young (0K), 0 survivors (0K)
 Metaspace       used 133923K, committed 134912K, reserved 1179648K
  class space    used 15206K, committed 15616K, reserved 1048576K
}
Event: 16806.032 GC heap before
{Heap before GC invocations=169 (full 18):
 garbage-first heap   total 160768K, used 139007K [0x0000000081e00000, 0x0000000100000000)
  region size 1024K, 82 young (83968K), 0 survivors (0K)
 Metaspace       used 134954K, committed 135808K, reserved 1179648K
  class space    used 15308K, committed 15680K, reserved 1048576K
}
Event: 16806.040 GC heap after
{Heap after GC invocations=170 (full 18):
 garbage-first heap   total 160768K, used 64115K [0x0000000081e00000, 0x0000000100000000)
  region size 1024K, 8 young (8192K), 8 survivors (8192K)
 Metaspace       used 134954K, committed 135808K, reserved 1179648K
  class space    used 15308K, committed 15680K, reserved 1048576K
}
Event: 16813.673 GC heap before
{Heap before GC invocations=171 (full 18):
 garbage-first heap   total 167936K, used 140915K [0x0000000081e00000, 0x0000000100000000)
  region size 1024K, 83 young (84992K), 8 survivors (8192K)
 Metaspace       used 135886K, committed 136704K, reserved 1179648K
  class space    used 15386K, committed 15744K, reserved 1048576K
}
Event: 16813.685 GC heap after
{Heap after GC invocations=172 (full 18):
 garbage-first heap   total 167936K, used 67608K [0x0000000081e00000, 0x0000000100000000)
  region size 1024K, 5 young (5120K), 5 survivors (5120K)
 Metaspace       used 135886K, committed 136704K, reserved 1179648K
  class space    used 15386K, committed 15744K, reserved 1048576K
}
Event: 16814.354 GC heap before
{Heap before GC invocations=172 (full 18):
 garbage-first heap   total 167936K, used 147480K [0x0000000081e00000, 0x0000000100000000)
  region size 1024K, 83 young (84992K), 5 survivors (5120K)
 Metaspace       used 137611K, committed 138432K, reserved 1179648K
  class space    used 15497K, committed 15872K, reserved 1048576K
}
Event: 16814.371 GC heap after
{Heap after GC invocations=173 (full 18):
 garbage-first heap   total 167936K, used 75679K [0x0000000081e00000, 0x0000000100000000)
  region size 1024K, 11 young (11264K), 11 survivors (11264K)
 Metaspace       used 137611K, committed 138432K, reserved 1179648K
  class space    used 15497K, committed 15872K, reserved 1048576K
}
Event: 17101.044 GC heap before
{Heap before GC invocations=173 (full 18):
 garbage-first heap   total 167936K, used 146335K [0x0000000081e00000, 0x0000000100000000)
  region size 1024K, 80 young (81920K), 11 survivors (11264K)
 Metaspace       used 137640K, committed 138432K, reserved 1179648K
  class space    used 15499K, committed 15872K, reserved 1048576K
}
Event: 17101.058 GC heap after
{Heap after GC invocations=174 (full 18):
 garbage-first heap   total 167936K, used 77812K [0x0000000081e00000, 0x0000000100000000)
  region size 1024K, 2 young (2048K), 2 survivors (2048K)
 Metaspace       used 137640K, committed 138432K, reserved 1179648K
  class space    used 15499K, committed 15872K, reserved 1048576K
}
Event: 17383.811 GC heap before
{Heap before GC invocations=175 (full 18):
 garbage-first heap   total 167936K, used 151540K [0x0000000081e00000, 0x0000000100000000)
  region size 1024K, 74 young (75776K), 2 survivors (2048K)
 Metaspace       used 137897K, committed 138752K, reserved 1179648K
  class space    used 15522K, committed 15936K, reserved 1048576K
}
Event: 17383.815 GC heap after
{Heap after GC invocations=176 (full 18):
 garbage-first heap   total 167936K, used 78151K [0x0000000081e00000, 0x0000000100000000)
  region size 1024K, 2 young (2048K), 2 survivors (2048K)
 Metaspace       used 137897K, committed 138752K, reserved 1179648K
  class space    used 15522K, committed 15936K, reserved 1048576K
}
Event: 17581.393 GC heap before
{Heap before GC invocations=176 (full 18):
 garbage-first heap   total 167936K, used 124231K [0x0000000081e00000, 0x0000000100000000)
  region size 1024K, 48 young (49152K), 2 survivors (2048K)
 Metaspace       used 137914K, committed 138752K, reserved 1179648K
  class space    used 15523K, committed 15936K, reserved 1048576K
}
Event: 17581.543 GC heap after
{Heap after GC invocations=177 (full 19):
 garbage-first heap   total 167936K, used 58853K [0x0000000081e00000, 0x0000000100000000)
  region size 1024K, 0 young (0K), 0 survivors (0K)
 Metaspace       used 137841K, committed 138752K, reserved 1179648K
  class space    used 15511K, committed 15936K, reserved 1048576K
}
Event: 17583.532 GC heap before
{Heap before GC invocations=177 (full 19):
 garbage-first heap   total 167936K, used 148965K [0x0000000081e00000, 0x0000000100000000)
  region size 1024K, 89 young (91136K), 0 survivors (0K)
 Metaspace       used 138928K, committed 139776K, reserved 1179648K
  class space    used 15619K, committed 16000K, reserved 1048576K
}
Event: 17583.544 GC heap after
{Heap after GC invocations=178 (full 19):
 garbage-first heap   total 167936K, used 66937K [0x0000000081e00000, 0x0000000100000000)
  region size 1024K, 8 young (8192K), 8 survivors (8192K)
 Metaspace       used 138928K, committed 139776K, reserved 1179648K
  class space    used 15619K, committed 16000K, reserved 1048576K
}
Event: 17591.302 GC heap before
{Heap before GC invocations=179 (full 19):
 garbage-first heap   total 176128K, used 147833K [0x0000000081e00000, 0x0000000100000000)
  region size 1024K, 87 young (89088K), 8 survivors (8192K)
 Metaspace       used 139988K, committed 140864K, reserved 1179648K
  class space    used 15705K, committed 16128K, reserved 1048576K
}
Event: 17591.320 GC heap after
{Heap after GC invocations=180 (full 19):
 garbage-first heap   total 176128K, used 71373K [0x0000000081e00000, 0x0000000100000000)
  region size 1024K, 6 young (6144K), 6 survivors (6144K)
 Metaspace       used 139988K, committed 140864K, reserved 1179648K
  class space    used 15705K, committed 16128K, reserved 1048576K
}
Event: 17618.352 GC heap before
{Heap before GC invocations=180 (full 19):
 garbage-first heap   total 176128K, used 156365K [0x0000000081e00000, 0x0000000100000000)
  region size 1024K, 89 young (91136K), 6 survivors (6144K)
 Metaspace       used 141697K, committed 142592K, reserved 1179648K
  class space    used 15822K, committed 16256K, reserved 1048576K
}
Event: 17618.375 GC heap after
{Heap after GC invocations=181 (full 19):
 garbage-first heap   total 176128K, used 78945K [0x0000000081e00000, 0x0000000100000000)
  region size 1024K, 12 young (12288K), 12 survivors (12288K)
 Metaspace       used 141697K, committed 142592K, reserved 1179648K
  class space    used 15822K, committed 16256K, reserved 1048576K
}

Dll operation events (13 events):
Event: 0.064 Loaded shared library C:\Program Files\Java\jdk-21\bin\java.dll
Event: 0.147 Loaded shared library C:\Program Files\Java\jdk-21\bin\jsvml.dll
Event: 0.798 Loaded shared library C:\Program Files\Java\jdk-21\bin\zip.dll
Event: 0.814 Loaded shared library C:\Program Files\Java\jdk-21\bin\instrument.dll
Event: 0.837 Loaded shared library C:\Program Files\Java\jdk-21\bin\net.dll
Event: 0.842 Loaded shared library C:\Program Files\Java\jdk-21\bin\nio.dll
Event: 0.851 Loaded shared library C:\Program Files\Java\jdk-21\bin\zip.dll
Event: 1.556 Loaded shared library C:\Program Files\Java\jdk-21\bin\jimage.dll
Event: 2.478 Loaded shared library C:\Program Files\Java\jdk-21\bin\management.dll
Event: 2.484 Loaded shared library C:\Program Files\Java\jdk-21\bin\management_ext.dll
Event: 5.402 Loaded shared library C:\Program Files\Java\jdk-21\bin\sunmscapi.dll
Event: 16.454 Loaded shared library C:\Program Files\Java\jdk-21\bin\verify.dll
Event: 17.705 Loaded shared library C:\Program Files\Java\jdk-21\bin\extnet.dll

Deoptimization events (20 events):
Event: 17800.605 Thread 0x000001c0ed386fd0 DEOPT PACKING pc=0x000001c089e762dc sp=0x0000002f813ff310
Event: 17800.605 Thread 0x000001c0ed386fd0 DEOPT UNPACKING pc=0x000001c08f914e42 sp=0x0000002f813fe7a0 mode 1
Event: 17800.605 Thread 0x000001c0ed386fd0 DEOPT PACKING pc=0x000001c089623fb4 sp=0x0000002f813ff340
Event: 17800.605 Thread 0x000001c0ed386fd0 DEOPT UNPACKING pc=0x000001c08f914e42 sp=0x0000002f813fe800 mode 1
Event: 17800.605 Thread 0x000001c0ed389730 DEOPT PACKING pc=0x000001c08971a7e4 sp=0x0000002f80bfecd0
Event: 17800.605 Thread 0x000001c0ed389730 DEOPT UNPACKING pc=0x000001c08f914e42 sp=0x0000002f80bfe208 mode 1
Event: 17800.605 Thread 0x000001c0ed389730 DEOPT PACKING pc=0x000001c089dffce4 sp=0x0000002f80bfee70
Event: 17800.605 Thread 0x000001c0ed389730 DEOPT UNPACKING pc=0x000001c08f914e42 sp=0x0000002f80bfe350 mode 1
Event: 17800.605 Thread 0x000001c0ed389730 DEOPT PACKING pc=0x000001c089e762dc sp=0x0000002f80bfeef0
Event: 17800.605 Thread 0x000001c0ed389730 DEOPT UNPACKING pc=0x000001c08f914e42 sp=0x0000002f80bfe380 mode 1
Event: 17800.605 Thread 0x000001c0ed389730 DEOPT PACKING pc=0x000001c089623fb4 sp=0x0000002f80bfef20
Event: 17800.605 Thread 0x000001c0ed389730 DEOPT UNPACKING pc=0x000001c08f914e42 sp=0x0000002f80bfe3e0 mode 1
Event: 17800.606 Thread 0x000001c0ed38aae0 DEOPT PACKING pc=0x000001c08971a7e4 sp=0x0000002f812ff320
Event: 17800.607 Thread 0x000001c0ed38aae0 DEOPT UNPACKING pc=0x000001c08f914e42 sp=0x0000002f812fe858 mode 1
Event: 17800.607 Thread 0x000001c0ed38aae0 DEOPT PACKING pc=0x000001c089dffce4 sp=0x0000002f812ff4c0
Event: 17800.607 Thread 0x000001c0ed38aae0 DEOPT UNPACKING pc=0x000001c08f914e42 sp=0x0000002f812fe9a0 mode 1
Event: 17800.607 Thread 0x000001c0ed38aae0 DEOPT PACKING pc=0x000001c089e762dc sp=0x0000002f812ff540
Event: 17800.607 Thread 0x000001c0ed38aae0 DEOPT UNPACKING pc=0x000001c08f914e42 sp=0x0000002f812fe9d0 mode 1
Event: 17800.607 Thread 0x000001c0ed38aae0 DEOPT PACKING pc=0x000001c089623fb4 sp=0x0000002f812ff570
Event: 17800.607 Thread 0x000001c0ed38aae0 DEOPT UNPACKING pc=0x000001c08f914e42 sp=0x0000002f812fea30 mode 1

Classes loaded (20 events):
Event: 7618.431 Loading class jdk/internal/access/JavaAWTAccess
Event: 7618.434 Loading class jdk/internal/access/JavaAWTAccess done
Event: 7635.298 Loading class java/time/DurationEditor
Event: 7635.298 Loading class java/time/DurationEditor done
Event: 12103.153 Loading class sun/net/util/SocketExceptions
Event: 12103.155 Loading class sun/net/util/SocketExceptions done
Event: 13968.091 Loading class com/sun/crypto/provider/HmacCore$HmacSHA256
Event: 13968.092 Loading class com/sun/crypto/provider/HmacCore$HmacSHA256 done
Event: 13998.003 Loading class java/util/zip/DeflaterOutputStream
Event: 13998.009 Loading class java/util/zip/DeflaterOutputStream done
Event: 13998.010 Loading class java/util/zip/GZIPInputStream
Event: 13998.012 Loading class java/util/zip/GZIPInputStream done
Event: 13998.012 Loading class java/util/zip/GZIPOutputStream
Event: 13998.013 Loading class java/util/zip/GZIPOutputStream done
Event: 15703.798 Loading class javax/crypto/AEADBadTagException
Event: 15703.799 Loading class javax/crypto/AEADBadTagException done
Event: 15703.800 Loading class java/util/concurrent/ConcurrentLinkedQueue$Itr
Event: 15703.803 Loading class java/util/concurrent/ConcurrentLinkedQueue$Itr done
Event: 16148.476 Loading class java/time/DurationEditor
Event: 16148.476 Loading class java/time/DurationEditor done

Classes unloaded (20 events):
Event: 17581.437 Thread 0x000001c097568160 Unloading class 0x000001c09bf98800 'jdk/internal/reflect/GeneratedSerializationConstructorAccessor399'
Event: 17581.437 Thread 0x000001c097568160 Unloading class 0x000001c09bf98400 'jdk/internal/reflect/GeneratedSerializationConstructorAccessor398'
Event: 17581.437 Thread 0x000001c097568160 Unloading class 0x000001c09bf98000 'jdk/internal/reflect/GeneratedSerializationConstructorAccessor397'
Event: 17581.437 Thread 0x000001c097568160 Unloading class 0x000001c09bf91400 'jdk/internal/reflect/GeneratedSerializationConstructorAccessor396'
Event: 17581.437 Thread 0x000001c097568160 Unloading class 0x000001c09bf91000 'jdk/internal/reflect/GeneratedSerializationConstructorAccessor395'
Event: 17581.437 Thread 0x000001c097568160 Unloading class 0x000001c09bf90c00 'jdk/internal/reflect/GeneratedSerializationConstructorAccessor394'
Event: 17581.437 Thread 0x000001c097568160 Unloading class 0x000001c09bf90800 'jdk/internal/reflect/GeneratedSerializationConstructorAccessor393'
Event: 17581.437 Thread 0x000001c097568160 Unloading class 0x000001c09bf90400 'jdk/internal/reflect/GeneratedSerializationConstructorAccessor392'
Event: 17581.437 Thread 0x000001c097568160 Unloading class 0x000001c09bf90000 'jdk/internal/reflect/GeneratedSerializationConstructorAccessor391'
Event: 17581.437 Thread 0x000001c097568160 Unloading class 0x000001c09bf8d400 'jdk/internal/reflect/GeneratedSerializationConstructorAccessor390'
Event: 17581.437 Thread 0x000001c097568160 Unloading class 0x000001c09bf8d000 'jdk/internal/reflect/GeneratedSerializationConstructorAccessor389'
Event: 17581.437 Thread 0x000001c097568160 Unloading class 0x000001c09bf8cc00 'jdk/internal/reflect/GeneratedSerializationConstructorAccessor388'
Event: 17581.437 Thread 0x000001c097568160 Unloading class 0x000001c09bf8c800 'jdk/internal/reflect/GeneratedSerializationConstructorAccessor387'
Event: 17581.437 Thread 0x000001c097568160 Unloading class 0x000001c09bf8c400 'jdk/internal/reflect/GeneratedSerializationConstructorAccessor386'
Event: 17581.437 Thread 0x000001c097568160 Unloading class 0x000001c09bf8c000 'jdk/internal/reflect/GeneratedSerializationConstructorAccessor385'
Event: 17581.437 Thread 0x000001c097568160 Unloading class 0x000001c09bf84c00 'jdk/internal/reflect/GeneratedSerializationConstructorAccessor384'
Event: 17581.437 Thread 0x000001c097568160 Unloading class 0x000001c09bf84400 'jdk/internal/reflect/GeneratedSerializationConstructorAccessor383'
Event: 17581.437 Thread 0x000001c097568160 Unloading class 0x000001c09bf84000 'jdk/internal/reflect/GeneratedSerializationConstructorAccessor382'
Event: 17581.437 Thread 0x000001c097568160 Unloading class 0x000001c09bebd400 'jdk/internal/reflect/GeneratedSerializationConstructorAccessor381'
Event: 17581.437 Thread 0x000001c097568160 Unloading class 0x000001c09bebd000 'jdk/internal/reflect/GeneratedSerializationConstructorAccessor380'

Classes redefined (20 events):
Event: 7616.953 Thread 0x000001c097568160 redefined class name=com.app.shwe.model.PendingRegistration, count=1
Event: 7616.953 Thread 0x000001c097568160 redefined class name=com.app.shwe.repository.PendingRegistrationRepository, count=1
Event: 7616.953 Thread 0x000001c097568160 redefined class name=com.app.shwe.repository.PendingRegistrationRepository, count=1
Event: 7616.953 Thread 0x000001c097568160 redefined class name=com.app.shwe.model.PendingRegistration, count=1
Event: 7616.953 Thread 0x000001c097568160 redefined class name=com.app.shwe.repository.PendingRegistrationRepository, count=1
Event: 7616.953 Thread 0x000001c097568160 redefined class name=com.app.shwe.service.AuthenticationService, count=1
Event: 7616.953 Thread 0x000001c097568160 redefined class name=com.app.shwe.model.PendingRegistration, count=1
Event: 7616.953 Thread 0x000001c097568160 redefined class name=com.app.shwe.repository.PendingRegistrationRepository, count=1
Event: 7616.953 Thread 0x000001c097568160 redefined class name=com.app.shwe.service.AuthenticationService, count=1
Event: 7616.953 Thread 0x000001c097568160 redefined class name=com.app.shwe.service.AuthenticationService, count=1
Event: 7616.953 Thread 0x000001c097568160 redefined class name=com.app.shwe.service.AuthenticationService, count=1
Event: 7616.953 Thread 0x000001c097568160 redefined class name=com.app.shwe.service.AuthenticationService, count=1
Event: 7694.805 Thread 0x000001c097568160 redefined class name=com.app.shwe.model.PendingRegistration, count=2
Event: 7694.805 Thread 0x000001c097568160 redefined class name=com.app.shwe.model.PendingRegistration, count=2
Event: 7694.805 Thread 0x000001c097568160 redefined class name=com.app.shwe.model.PendingRegistration, count=2
Event: 7694.805 Thread 0x000001c097568160 redefined class name=com.app.shwe.model.PendingRegistration, count=2
Event: 7694.805 Thread 0x000001c097568160 redefined class name=com.app.shwe.model.PendingRegistration, count=2
Event: 7694.805 Thread 0x000001c097568160 redefined class name=com.app.shwe.model.PendingRegistration, count=2
Event: 7694.805 Thread 0x000001c097568160 redefined class name=com.app.shwe.model.PendingRegistration, count=1
Event: 16802.346 Thread 0x000001c097568160 redefined class name=com.app.shwe.service.TermsAndConditionService, count=1

Internal exceptions (20 events):
Event: 17581.203 Thread 0x000001c0e3b3e8c0 Exception <a 'java/io/IOException'{0x00000000894c0600}: Connection reset by peer> (0x00000000894c0600) 
thrown [s\open\src\hotspot\share\prims\jni.cpp, line 539]
Event: 17581.204 Thread 0x000001c0e3b3e8c0 Exception <a 'sun/net/ConnectionResetException'{0x00000000894c11e0}: Connection reset> (0x00000000894c11e0) 
thrown [s\open\src\hotspot\share\prims\jni.cpp, line 539]
Event: 17581.204 Thread 0x000001c0e3b3e8c0 Exception <a 'java/io/IOException'{0x00000000894c1e30}: Connection reset by peer> (0x00000000894c1e30) 
thrown [s\open\src\hotspot\share\prims\jni.cpp, line 539]
Event: 17581.206 Thread 0x000001c0e3b3e8c0 Exception <a 'java/io/IOException'{0x00000000894c5338}: Connection reset by peer> (0x00000000894c5338) 
thrown [s\open\src\hotspot\share\prims\jni.cpp, line 539]
Event: 17581.206 Thread 0x000001c0e3b3e8c0 Exception <a 'java/io/IOException'{0x00000000894c63c8}: Connection reset by peer> (0x00000000894c63c8) 
thrown [s\open\src\hotspot\share\prims\jni.cpp, line 539]
Event: 17581.207 Thread 0x000001c0e3b3e8c0 Exception <a 'sun/net/ConnectionResetException'{0x00000000894c6fa8}: Connection reset> (0x00000000894c6fa8) 
thrown [s\open\src\hotspot\share\prims\jni.cpp, line 539]
Event: 17581.392 Thread 0x000001c0ed3890a0 Exception <a 'java/lang/InterruptedException'{0x00000000894e29a0}: sleep interrupted> (0x00000000894e29a0) 
thrown [s\open\src\hotspot\share\prims\jvm.cpp, line 3074]
Event: 17581.560 Thread 0x000001c0e3b3dba0 Exception <a 'sun/nio/fs/WindowsException'{0x000000008c16acf0}> (0x000000008c16acf0) 
thrown [s\open\src\hotspot\share\prims\jni.cpp, line 520]
Event: 17582.343 Thread 0x000001c0e3b3dba0 Exception <a 'java/lang/NoClassDefFoundError'{0x0000000089116328}: org/flywaydb/core/Flyway> (0x0000000089116328) 
thrown [s\open\src\hotspot\share\oops\constantPool.cpp, line 871]
Event: 17582.344 Thread 0x000001c0e3b3dba0 Exception <a 'java/lang/NoClassDefFoundError'{0x0000000089116988}: liquibase/integration/spring/SpringLiquibase> (0x0000000089116988) 
thrown [s\open\src\hotspot\share\oops\constantPool.cpp, line 871]
Event: 17582.351 Thread 0x000001c0e3b3dba0 Exception <a 'java/lang/NoClassDefFoundError'{0x00000000891e53e0}: org/jooq/DSLContext> (0x00000000891e53e0) 
thrown [s\open\src\hotspot\share\oops\constantPool.cpp, line 871]
Event: 17582.353 Thread 0x000001c0e3b3dba0 Exception <a 'java/lang/NoClassDefFoundError'{0x0000000089002480}: org/springframework/batch/core/repository/JobRepository> (0x0000000089002480) 
thrown [s\open\src\hotspot\share\oops\constantPool.cpp, line 871]
Event: 17582.354 Thread 0x000001c0e3b3dba0 Exception <a 'java/lang/NoClassDefFoundError'{0x0000000089002ad8}: org/quartz/Scheduler> (0x0000000089002ad8) 
thrown [s\open\src\hotspot\share\oops\constantPool.cpp, line 871]
Event: 17582.355 Thread 0x000001c0e3b3dba0 Exception <a 'java/lang/NoClassDefFoundError'{0x0000000089003158}: org/springframework/session/jdbc/JdbcIndexedSessionRepository> (0x0000000089003158) 
thrown [s\open\src\hotspot\share\oops\constantPool.cpp, line 871]
Event: 17582.429 Thread 0x000001c0e3b3dba0 Exception <a 'java/io/FileNotFoundException'{0x000000008871bf18}> (0x000000008871bf18) 
thrown [s\open\src\hotspot\share\prims\jni.cpp, line 520]
Event: 17591.080 Thread 0x000001c0e3b3dba0 Exception <a 'java/io/FileNotFoundException'{0x0000000088f72d50}> (0x0000000088f72d50) 
thrown [s\open\src\hotspot\share\prims\jni.cpp, line 520]
Event: 17591.112 Thread 0x000001c0e3b3dba0 Exception <a 'sun/nio/fs/WindowsException'{0x0000000088b3a378}> (0x0000000088b3a378) 
thrown [s\open\src\hotspot\share\prims\jni.cpp, line 520]
Event: 17591.112 Thread 0x000001c0e3b3dba0 Exception <a 'sun/nio/fs/WindowsException'{0x0000000088b3b1a0}> (0x0000000088b3b1a0) 
thrown [s\open\src\hotspot\share\prims\jni.cpp, line 520]
Event: 17757.798 Thread 0x000001c0ed38b800 Implicit null exception at 0x000001c0901ca0a3 to 0x000001c0901ca490
Event: 17759.467 Thread 0x000001c0ed38b800 Implicit null exception at 0x000001c0901959a3 to 0x000001c090195d6c

ZGC Phase Switch (0 events):
No events

VM Operations (20 events):
Event: 17800.024 Executing VM operation: get/set locals
Event: 17800.024 Executing VM operation: get/set locals done
Event: 17800.025 Executing VM operation: get/set locals
Event: 17800.025 Executing VM operation: get/set locals done
Event: 17800.026 Executing VM operation: get/set locals
Event: 17800.027 Executing VM operation: get/set locals done
Event: 17800.027 Executing VM operation: get/set locals
Event: 17800.027 Executing VM operation: get/set locals done
Event: 17800.668 Executing VM operation: get/set locals
Event: 17800.668 Executing VM operation: get/set locals done
Event: 17800.669 Executing VM operation: get/set locals
Event: 17800.669 Executing VM operation: get/set locals done
Event: 17800.669 Executing VM operation: get/set locals
Event: 17800.669 Executing VM operation: get/set locals done
Event: 17800.670 Executing VM operation: get/set locals
Event: 17800.670 Executing VM operation: get/set locals done
Event: 17800.671 Executing VM operation: get/set locals
Event: 17800.671 Executing VM operation: get/set locals done
Event: 17800.672 Executing VM operation: get/set locals
Event: 17800.672 Executing VM operation: get/set locals done

Events (20 events):
Event: 17592.088 Thread 0x000001c0ed38e5f0 Thread added: 0x000001c0ed38e5f0
Event: 17592.098 Thread 0x000001c0e3b3b440 Thread exited: 0x000001c0e3b3b440
Event: 17592.098 Thread 0x000001c0e3b3dba0 Thread exited: 0x000001c0e3b3dba0
Event: 17594.192 Thread 0x000001c0e3b3bad0 Thread exited: 0x000001c0e3b3bad0
Event: 17597.548 Thread 0x000001c0e16404f0 Thread exited: 0x000001c0e16404f0
Event: 17617.111 Thread 0x000001c0e1644fe0 Thread added: 0x000001c0e1644fe0
Event: 17622.117 Thread 0x000001c0e1644fe0 Thread exited: 0x000001c0e1644fe0
Event: 17800.570 Thread 0x000001c0ed38b170 Thread added: 0x000001c0ed38b170
Event: 17800.571 Thread 0x000001c0ed3890a0 Thread exited: 0x000001c0ed3890a0
Event: 17800.598 Thread 0x000001c0ed38e5f0 Thread exited: 0x000001c0ed38e5f0
Event: 17800.599 Thread 0x000001c0ed38df60 Thread exited: 0x000001c0ed38df60
Event: 17800.601 Thread 0x000001c0ed38d8d0 Thread exited: 0x000001c0ed38d8d0
Event: 17800.601 Thread 0x000001c0ed38cbb0 Thread exited: 0x000001c0ed38cbb0
Event: 17800.603 Thread 0x000001c0ed38c520 Thread exited: 0x000001c0ed38c520
Event: 17800.603 Thread 0x000001c0ed38be90 Thread exited: 0x000001c0ed38be90
Event: 17800.604 Thread 0x000001c0ed38a450 Thread exited: 0x000001c0ed38a450
Event: 17800.605 Thread 0x000001c0ed387cf0 Thread exited: 0x000001c0ed387cf0
Event: 17800.605 Thread 0x000001c0ed386fd0 Thread exited: 0x000001c0ed386fd0
Event: 17800.606 Thread 0x000001c0ed389730 Thread exited: 0x000001c0ed389730
Event: 17800.607 Thread 0x000001c0ed38aae0 Thread exited: 0x000001c0ed38aae0


Dynamic libraries:
0x00007ff6d65a0000 - 0x00007ff6d65b0000 	C:\Program Files\Java\jdk-21\bin\javaw.exe
0x00007ffe194f0000 - 0x00007ffe19707000 	C:\Windows\SYSTEM32\ntdll.dll
0x00007ffe18730000 - 0x00007ffe187f4000 	C:\Windows\System32\KERNEL32.DLL
0x00007ffe16bd0000 - 0x00007ffe16f7d000 	C:\Windows\System32\KERNELBASE.dll
0x00007ffe168f0000 - 0x00007ffe16a01000 	C:\Windows\System32\ucrtbase.dll
0x00007ffe0dcc0000 - 0x00007ffe0dcdb000 	C:\Program Files\Java\jdk-21\bin\VCRUNTIME140.dll
0x00007ffdf0e50000 - 0x00007ffdf0e69000 	C:\Program Files\Java\jdk-21\bin\jli.dll
0x00007ffe18c70000 - 0x00007ffe18d22000 	C:\Windows\System32\ADVAPI32.dll
0x00007ffe18d30000 - 0x00007ffe18dd7000 	C:\Windows\System32\msvcrt.dll
0x00007ffe18bc0000 - 0x00007ffe18c69000 	C:\Windows\System32\sechost.dll
0x00007ffe16810000 - 0x00007ffe16838000 	C:\Windows\System32\bcrypt.dll
0x00007ffe18800000 - 0x00007ffe18914000 	C:\Windows\System32\RPCRT4.dll
0x00007ffe18de0000 - 0x00007ffe18f8e000 	C:\Windows\System32\USER32.dll
0x00007ffe16840000 - 0x00007ffe16866000 	C:\Windows\System32\win32u.dll
0x00007ffe19480000 - 0x00007ffe194a9000 	C:\Windows\System32\GDI32.dll
0x00007ffe16ab0000 - 0x00007ffe16bc9000 	C:\Windows\System32\gdi32full.dll
0x00007ffe16a10000 - 0x00007ffe16aaa000 	C:\Windows\System32\msvcp_win.dll
0x00007ffddce10000 - 0x00007ffddd0a3000 	C:\Windows\WinSxS\amd64_microsoft.windows.common-controls_6595b64144ccf1df_6.0.22621.3672_none_2713b9d173822955\COMCTL32.dll
0x00007ffe11bd0000 - 0x00007ffe11bda000 	C:\Windows\SYSTEM32\VERSION.dll
0x00007ffe186d0000 - 0x00007ffe18701000 	C:\Windows\System32\IMM32.DLL
0x00007ffdf0e80000 - 0x00007ffdf0e8c000 	C:\Program Files\Java\jdk-21\bin\vcruntime140_1.dll
0x00007ffdcafc0000 - 0x00007ffdcb04e000 	C:\Program Files\Java\jdk-21\bin\msvcp140.dll
0x00007ffd7f980000 - 0x00007ffd80695000 	C:\Program Files\Java\jdk-21\bin\server\jvm.dll
0x00007ffe191f0000 - 0x00007ffe19261000 	C:\Windows\System32\WS2_32.dll
0x00007ffe166d0000 - 0x00007ffe1671d000 	C:\Windows\SYSTEM32\POWRPROF.dll
0x00007ffe0f170000 - 0x00007ffe0f1a4000 	C:\Windows\SYSTEM32\WINMM.dll
0x00007ffe166b0000 - 0x00007ffe166c3000 	C:\Windows\SYSTEM32\UMPDC.dll
0x00007ffe15840000 - 0x00007ffe15858000 	C:\Windows\SYSTEM32\kernel.appcore.dll
0x00007ffde7800000 - 0x00007ffde780a000 	C:\Program Files\Java\jdk-21\bin\jimage.dll
0x00007ffe14420000 - 0x00007ffe14652000 	C:\Windows\SYSTEM32\DBGHELP.DLL
0x00007ffe17860000 - 0x00007ffe17bed000 	C:\Windows\System32\combase.dll
0x00007ffe190f0000 - 0x00007ffe191c7000 	C:\Windows\System32\OLEAUT32.dll
0x00007ffe0ecf0000 - 0x00007ffe0ed22000 	C:\Windows\SYSTEM32\dbgcore.DLL
0x00007ffe16870000 - 0x00007ffe168eb000 	C:\Windows\System32\bcryptPrimitives.dll
0x00007ffde7770000 - 0x00007ffde77ac000 	C:\Program Files\Java\jdk-21\bin\jdwp.dll
0x00007ffde77f0000 - 0x00007ffde77ff000 	C:\Program Files\Java\jdk-21\bin\instrument.dll
0x00007ffde77d0000 - 0x00007ffde77ef000 	C:\Program Files\Java\jdk-21\bin\java.dll
0x00007ffe17c00000 - 0x00007ffe18468000 	C:\Windows\System32\SHELL32.dll
0x00007ffe14760000 - 0x00007ffe1505e000 	C:\Windows\SYSTEM32\windows.storage.dll
0x00007ffe142e0000 - 0x00007ffe1441f000 	C:\Windows\SYSTEM32\wintypes.dll
0x00007ffe19380000 - 0x00007ffe19479000 	C:\Windows\System32\SHCORE.dll
0x00007ffe18490000 - 0x00007ffe184ee000 	C:\Windows\System32\shlwapi.dll
0x00007ffe16740000 - 0x00007ffe16761000 	C:\Windows\SYSTEM32\profapi.dll
0x00007ffd90a30000 - 0x00007ffd90b07000 	C:\Program Files\Java\jdk-21\bin\jsvml.dll
0x00007ffde7760000 - 0x00007ffde776c000 	C:\Program Files\Java\jdk-21\bin\dt_socket.dll
0x00007ffe15300000 - 0x00007ffe1532d000 	C:\Windows\SYSTEM32\IPHLPAPI.DLL
0x00007ffe15cb0000 - 0x00007ffe15d19000 	C:\Windows\system32\mswsock.dll
0x00007ffe15330000 - 0x00007ffe15428000 	C:\Windows\SYSTEM32\DNSAPI.dll
0x00007ffe17850000 - 0x00007ffe17859000 	C:\Windows\System32\NSI.dll
0x00007ffe0de30000 - 0x00007ffe0de3a000 	C:\Windows\System32\rasadhlp.dll
0x00007ffe0e200000 - 0x00007ffe0e283000 	C:\Windows\System32\fwpuclnt.dll
0x00007ffde7740000 - 0x00007ffde7758000 	C:\Program Files\Java\jdk-21\bin\zip.dll
0x00007ffde7730000 - 0x00007ffde7740000 	C:\Program Files\Java\jdk-21\bin\net.dll
0x00007ffe0fba0000 - 0x00007ffe0fcd6000 	C:\Windows\SYSTEM32\WINHTTP.dll
0x00007ffdde4f0000 - 0x00007ffdde506000 	C:\Program Files\Java\jdk-21\bin\nio.dll
0x00007ffde7180000 - 0x00007ffde718a000 	C:\Program Files\Java\jdk-21\bin\management.dll
0x00007ffddda20000 - 0x00007ffddda2b000 	C:\Program Files\Java\jdk-21\bin\management_ext.dll
0x00007ffe18720000 - 0x00007ffe18728000 	C:\Windows\System32\PSAPI.DLL
0x00007ffddbc20000 - 0x00007ffddbc2e000 	C:\Program Files\Java\jdk-21\bin\sunmscapi.dll
0x00007ffe170b0000 - 0x00007ffe17217000 	C:\Windows\System32\CRYPT32.dll
0x00007ffe160b0000 - 0x00007ffe160de000 	C:\Windows\SYSTEM32\ncrypt.dll
0x00007ffe16070000 - 0x00007ffe160a7000 	C:\Windows\SYSTEM32\NTASN1.dll
0x00007ffe15f10000 - 0x00007ffe15f2b000 	C:\Windows\SYSTEM32\CRYPTSP.dll
0x00007ffe157a0000 - 0x00007ffe157d5000 	C:\Windows\system32\rsaenh.dll
0x00007ffe15db0000 - 0x00007ffe15dd8000 	C:\Windows\SYSTEM32\USERENV.dll
0x00007ffe15f30000 - 0x00007ffe15f3c000 	C:\Windows\SYSTEM32\CRYPTBASE.dll
0x00007ffdd5de0000 - 0x00007ffdd5df0000 	C:\Program Files\Java\jdk-21\bin\verify.dll
0x00007ffdd54d0000 - 0x00007ffdd54d7000 	C:\Program Files\Java\jdk-21\bin\extnet.dll
0x00007ffdf7270000 - 0x00007ffdf7278000 	C:\Windows\system32\wshunix.dll

dbghelp: loaded successfully - version: 4.0.5 - missing functions: none
symbol engine: initialized successfully - sym options: 0x614 - pdb path: .;C:\Program Files\Java\jdk-21\bin;C:\Windows\SYSTEM32;C:\Windows\WinSxS\amd64_microsoft.windows.common-controls_6595b64144ccf1df_6.0.22621.3672_none_2713b9d173822955;C:\Program Files\Java\jdk-21\bin\server

VM Arguments:
jvm_args: -XX:+ShowCodeDetailsInExceptionMessages -agentlib:jdwp=transport=dt_socket,suspend=y,address=localhost:49521 -javaagent:C:\eclipse\configuration\org.eclipse.osgi\415\0\.cp\lib\javaagent-shaded.jar -Dfile.encoding=UTF-8 
java_command: com.app.shwe.ShweApplication
java_class_path (initial): C:\ShweApp\ShweApp\target\classes;C:\Users\WyneWyneThuTa\.m2\repository\org\springframework\boot\spring-boot-starter-data-jpa\3.3.2-SNAPSHOT\spring-boot-starter-data-jpa-3.3.2-SNAPSHOT.jar;C:\Users\WyneWyneThuTa\.m2\repository\org\springframework\boot\spring-boot-starter-aop\3.3.2-SNAPSHOT\spring-boot-starter-aop-3.3.2-SNAPSHOT.jar;C:\Users\WyneWyneThuTa\.m2\repository\org\aspectj\aspectjweaver\1.9.22.1\aspectjweaver-1.9.22.1.jar;C:\Users\WyneWyneThuTa\.m2\repository\org\springframework\boot\spring-boot-starter-jdbc\3.3.2-SNAPSHOT\spring-boot-starter-jdbc-3.3.2-SNAPSHOT.jar;C:\Users\WyneWyneThuTa\.m2\repository\com\zaxxer\HikariCP\5.1.0\HikariCP-5.1.0.jar;C:\Users\WyneWyneThuTa\.m2\repository\org\springframework\spring-jdbc\6.1.11\spring-jdbc-6.1.11.jar;C:\Users\WyneWyneThuTa\.m2\repository\org\hibernate\orm\hibernate-core\6.5.2.Final\hibernate-core-6.5.2.Final.jar;C:\Users\WyneWyneThuTa\.m2\repository\jakarta\persistence\jakarta.persistence-api\3.1.0\jakarta.persistence-api-3.1.0.jar;C:\Users\WyneWyneThuTa\.m2\repository\jakarta\transaction\jakarta.transaction-api\2.0.1\jakarta.transaction-api-2.0.1.jar;C:\Users\WyneWyneThuTa\.m2\repository\org\jboss\logging\jboss-logging\3.5.3.Final\jboss-logging-3.5.3.Final.jar;C:\Users\WyneWyneThuTa\.m2\repository\org\hibernate\common\hibernate-commons-annotations\6.0.6.Final\hibernate-commons-annotations-6.0.6.Final.jar;C:\Users\WyneWyneThuTa\.m2\repository\io\smallrye\jandex\3.1.2\jandex-3.1.2.jar;C:\Users\WyneWyneThuTa\.m2\repository\com\fasterxml\classmate\1.7.0\classmate-1.7.0.jar;C:\Users\WyneWyneThuTa\.m2\repository\net\bytebuddy\byte-buddy\1.14.18\byte-buddy-1.14.18.jar;C:\Users\WyneWyneThuTa\.m2\repository\org\glassfish\jaxb\jaxb-runtime\4.0.5\jaxb-runtime-4.0.5.jar;C:\Users\WyneWyneThuTa\.m2\repository\org\glassfish\jaxb\jaxb-core\4.0.5\jaxb-core-4.0.5.jar;C:\Users\WyneWyneThuTa\.m2\repository\org\eclipse\angus\angus-activation\2.0.2\angus-activation-2.0.2.jar;C:\Users\WyneWyneThuTa\.m2\repository\org\glassfish\jaxb\txw2\4.0.5\txw2-4.0.5.jar;C:\Users\WyneWyneThuTa\.m2\repository\com\sun\istack\istack-commons-runtime\4.1.2\istack-commons-runtime-4.1.2.jar;C:\Users\WyneWyneThuTa\.m2\repository\jakarta\inject\jakarta.inject-api\2.0.1\jakarta.inject-api-2.0.1.jar;C:\Users\WyneWyneThuTa\.m2\repository\org\antlr\antlr4-runtime\4.13.0\antlr4-runtime-4.13.0.jar;C:\Users\WyneWyneThuTa\.m2\repository\org\springframework\data\spring-data-jpa\3.3.2\spring-data-jpa-3.3.2.jar;C:\Users\WyneWyneThuTa\.m2\repository\org\springframework\data\spring-data-commons\3.3.2\spring-data-commons-3.3.2.jar;C:\Users\WyneWyneThuTa\.m2\repository\org\springframework\spring-orm\6.1.11\spring-orm-6.1.11.jar;C:\Users\WyneWyneThuTa\.m2\repository\org\springframework\spring-context\6.1.11\spring-context-6.1.11.jar;C:\Users\WyneWyneThuTa\.m2\repository\org\springframework\spring-tx\6.1.11\spring-tx-6.1.11.jar;C:\Users\WyneWyneThuTa\.m2\repository\org\springframework\spring-beans\6.1.11\spring-beans-6.1.11.jar;C:\Users\WyneWyneThuTa\.m2\repository\jakarta\annotation\jakarta.annotation-api\2.1.1\jakarta.annotation-api-2.1.1.jar;C:\Users\WyneWyneThuTa\.m2\repository\org\springframework\spring-aspects\6.1.11\spring-aspects-6.1.11.jar;C:\Users\WyneWyneThuTa\.m2\repository\org\springframework\boot\spring-boot-starter-security\3.3.2-SNAPSHOT\spring-boot-starter-security-3.3.2-SNAPSHOT.jar;C:\Users\WyneWyneThuTa\.m2\repository\org\springframework\boot\spring-boot-starter\3.3.2-SNAPSHOT\spring-boot-starter-3.3.2-SNAPSHOT.jar;C:\Users\WyneWyneThuTa\.m2\repository\org\springframework\boot\spring-boot-starter-logging\3.3.2-SNAPSHOT\spring-boot-starter-logging-3.3.2-SNAPSHOT.jar;C:\Users\WyneWyneThuTa\.m2\repository\ch\qos\logback\logback-classic\1.5.6\logback-classic-1.5.6.jar;C:\Users\WyneWyneThuTa\.m2\repository\ch\qos\logback\logback-core\1.5.6\logback-core-1.5.6.jar;C:\Users\WyneWyneThuTa\.m2\repository\org\apache\logging\log4j\log4j-to-slf4j\2.23.1\log4j-to-slf4j-2.23.1.jar;C:\Users\WyneWyneThuTa\.m2\repository\org\apache\logging\log4j\log4j-api\2.23.1\log4j-api-2.23.1.jar;C:\Users\WyneWyneThuTa\.m2\repository\org\slf4j\jul-to-slf4j\2.0.13\jul-to-slf4j-2.0.13.jar;C:\Users\WyneWyneThuTa\.m2\repository\org\yaml\snakeyaml\2.2\snakeyaml-2.2.jar;C:\Users\WyneWyneThuTa\.m2\repository\org\springframework\spring-aop\6.1.11\spring-aop-6.1.11.jar;C:\Users\WyneWyneThuTa\.m2\repository\org\springframework\security\spring-security-config\6.3.1\spring-security-config-6.3.1.jar;C:\Users\WyneWyneThuTa\.m2\repository\org\springframework\security\spring-security-web\6.3.1\spring-security-web-6.3.1.jar;C:\Users\WyneWyneThuTa\.m2\repository\org\springframework\spring-expression\6.1.11\spring-expression-6.1.11.jar;C:\Users\WyneWyneThuTa\.m2\repository\org\springframework\boot\spring-boot-starter-thymeleaf\3.3.2-SNAPSHOT\spring-boot-starter-thymeleaf-3.3.2-SNAPSHOT.jar;C:\Users\WyneWyneThuTa\.m2\repository\org\thymeleaf\thymeleaf-spring6\3.1.2.RELEASE\thymeleaf-spring6-3.1.2.RELEASE.jar;C:\Users\WyneWyneThuTa\.m2\repository\org\thymeleaf\thymeleaf\3.1.2.RELEASE\thymeleaf-3.1.2.RELEASE.jar;C:\Users\WyneWyneThuTa\.m2\repository\org\attoparser\attoparser\2.0.7.RELEASE\attoparser-2.0.7.RELEASE.jar;C:\Users\WyneWyneThuTa\.m2\repository\org\unbescape\unbescape\1.1.6.RELEASE\unbescape-1.1.6.RELEASE.jar;C:\Users\WyneWyneThuTa\.m2\repository\org\springframework\boot\spring-boot-starter-web\3.3.2-SNAPSHOT\spring-boot-starter-web-3.3.2-SNAPSHOT.jar;C:\Users\WyneWyneThuTa\.m2\repository\org\springframework\boot\spring-boot-starter-json\3.3.2-SNAPSHOT\spring-boot-starter-json-3.3.2-SNAPSHOT.jar;C:\Users\WyneWyneThuTa\.m2\repository\com\fasterxml\jackson\datatype\jackson-datatype-jdk8\2.17.2\jackson-datatype-jdk8-2.17.2.jar;C:\Users\WyneWyneThuTa\.m2\repository\com\fasterxml\jackson\datatype\jackson-datatype-jsr310\2.17.2\jackson-datatype-jsr310-2.17.2.jar;C:\Users\WyneWyneThuTa\.m2\repository\com\fasterxml\jackson\module\jackson-module-parameter-names\2.17.2\jackson-module-parameter-names-2.17.2.jar;C:\Users\WyneWyneThuTa\.m2\repository\org\springframework\boot\spring-boot-starter-tomcat\3.3.2-SNAPSHOT\spring-boot-starter-tomcat-3.3.2-SNAPSHOT.jar;C:\Users\WyneWyneThuTa\.m2\repository\org\apache\tomcat\embed\tomcat-embed-core\10.1.26\tomcat-embed-core-10.1.26.jar;C:\Users\WyneWyneThuTa\.m2\repository\org\apache\tomcat\embed\tomcat-embed-el\10.1.26\tomcat-embed-el-10.1.26.jar;C:\Users\WyneWyneThuTa\.m2\repository\org\apache\tomcat\embed\tomcat-embed-websocket\10.1.26\tomcat-embed-websocket-10.1.26.jar;C:\Users\WyneWyneThuTa\.m2\repository\org\springframework\spring-web\6.1.11\spring-web-6.1.11.jar;C:\Users\WyneWyneThuTa\.m2\repository\io\micrometer\micrometer-observation\1.13.2\micrometer-observation-1.13.2.jar;C:\Users\WyneWyneThuTa\.m2\repository\io\micrometer\micrometer-commons\1.13.2\micrometer-commons-1.13.2.jar;C:\Users\WyneWyneThuTa\.m2\repository\org\springframework\spring-webmvc\6.1.11\spring-webmvc-6.1.11.jar;C:\Users\WyneWyneThuTa\.m2\repository\org\springframework\boot\spring-boot-starter-webflux\3.3.2-SNAPSHOT\spring-boot-starter-webflux-3.3.2-SNAPSHOT.jar;C:\Users\WyneWyneThuTa\.m2\repository\org\springframework\boot\spring-boot-starter-reactor-netty\3.3.2-SNAPSHOT\spring-boot-starter-reactor-netty-3.3.2-SNAPSHOT.jar;C:\Users\WyneWyneThuTa\.m2\repository\io\projectreactor\netty\reactor-netty-http\1.1.21\reactor-netty-http-1.1.21.jar;C:\Users\WyneWyneThuTa\.m2\repository\io\netty\netty-resolver-dns\4.1.111.Final\netty-resolver-dns-4.1.111.Final.jar;C:\Users\WyneWyneThuTa\.m2\repository\io\netty\netty-codec-dns\4.1.111.Final\netty-codec-dns-4.1.111.Final.jar;C:\Users\WyneWyneThuTa\.m2\repository\io\netty\netty-resolver-dns-native-macos\4.1.111.Final\netty-resolver-dns-native-macos-4.1.111.Final-osx-x86_64.jar;C:\Users\WyneWyneThuTa\.m2\repository\io\netty\netty-resolver-dns-classes-macos\4.1.111.Final\netty-resolver-dns-classes-macos-4.1.111.Final.jar;C:\Users\WyneWyneThuTa\.m2\repository\io\netty\netty-transport-native-epoll\4.1.111.Final\netty-transport-native-epoll-4.1.111.Final-linux-x86_64.jar;C:\Users\WyneWyneThuTa\.m2\repository\io\projectreactor\netty\reactor-netty-core\1.1.21\reactor-netty-core-1.1.21.jar;C:\Users\WyneWyneThuTa\.m2\repository\io\netty\netty-handler-proxy\4.1.111.Final\netty-handler-proxy-4.1.111.Final.jar;C:\Users\WyneWyneThuTa\.m2\repository\io\netty\netty-codec-socks\4.1.111.Final\netty-codec-socks-4.1.111.Final.jar;C:\Users\WyneWyneThuTa\.m2\repository\org\springframework\spring-webflux\6.1.11\spring-webflux-6.1.11.jar;C:\Users\WyneWyneThuTa\.m2\repository\org\springframework\session\spring-session-core\3.3.1\spring-session-core-3.3.1.jar;C:\Users\WyneWyneThuTa\.m2\repository\org\springframework\spring-jcl\6.1.11\spring-jcl-6.1.11.jar;C:\Users\WyneWyneThuTa\.m2\repository\org\thymeleaf\extras\thymeleaf-extras-springsecurity6\3.1.2.RELEASE\thymeleaf-extras-springsecurity6-3.1.2.RELEASE.jar;C:\Users\WyneWyneThuTa\.m2\repository\org\slf4j\slf4j-api\2.0.13\slf4j-api-2.0.13.jar;C:\Users\WyneWyneThuTa\.m2\repository\org\springframework\boot\spring-boot-devtools\3.3.2-SNAPSHOT\spring-boot-devtools-3.3.2-SNAPSHOT.jar;C:\Users\WyneWyneThuTa\.m2\repository\org\springframework\boot\spring-boot\3.3.2-SNAPSHOT\spring-boot-3.3.2-SNAPSHOT.jar;C:\Users\WyneWyneThuTa\.m2\repository\org\springframework\boot\spring-boot-autoconfigure\3.3.2-SNAPSHOT\spring-boot-autoconfigure-3.3.2-SNAPSHOT.jar;C:\Users\WyneWyneThuTa\.m2\repository\com\mysql\mysql-connector-j\8.3.0\mysql-connector-j-8.3.0.jar;C:\Users\WyneWyneThuTa\.m2\repository\org\projectlombok\lombok\1.18.34\lombok-1.18.34.jar;C:\Users\WyneWyneThuTa\.m2\repository\jakarta\xml\bind\jakarta.xml.bind-api\4.0.2\jakarta.xml.bind-api-4.0.2.jar;C:\Users\WyneWyneThuTa\.m2\repository\jakarta\activation\jakarta.activation-api\2.1.3\jakarta.activation-api-2.1.3.jar;C:\Users\WyneWyneThuTa\.m2\repository\org\springframework\spring-core\6.1.11\spring-core-6.1.11.jar;C:\Users\WyneWyneThuTa\.m2\repository\io\projectreactor\reactor-core\3.6.8\reactor-core-3.6.8.jar;C:\Users\WyneWyneThuTa\.m2\repository\org\reactivestreams\reactive-streams\1.0.4\reactive-streams-1.0.4.jar;C:\Users\WyneWyneThuTa\.m2\repository\org\springframework\security\spring-security-core\6.3.1\spring-security-core-6.3.1.jar;C:\Users\WyneWyneThuTa\.m2\repository\org\springframework\security\spring-security-crypto\6.3.1\spring-security-crypto-6.3.1.jar;C:\Users\WyneWyneThuTa\.m2\repository\io\jsonwebtoken\jjwt-api\0.11.5\jjwt-api-0.11.5.jar;C:\Users\WyneWyneThuTa\.m2\repository\io\jsonwebtoken\jjwt-impl\0.11.5\jjwt-impl-0.11.5.jar;C:\Users\WyneWyneThuTa\.m2\repository\io\jsonwebtoken\jjwt-jackson\0.11.5\jjwt-jackson-0.11.5.jar;C:\Users\WyneWyneThuTa\.m2\repository\com\fasterxml\jackson\core\jackson-databind\2.17.2\jackson-databind-2.17.2.jar;C:\Users\WyneWyneThuTa\.m2\repository\com\fasterxml\jackson\core\jackson-annotations\2.17.2\jackson-annotations-2.17.2.jar;C:\Users\WyneWyneThuTa\.m2\repository\com\fasterxml\jackson\core\jackson-core\2.17.2\jackson-core-2.17.2.jar;C:\Users\WyneWyneThuTa\.m2\repository\software\amazon\awssdk\s3\2.26.21\s3-2.26.21.jar;C:\Users\WyneWyneThuTa\.m2\repository\software\amazon\awssdk\aws-xml-protocol\2.26.21\aws-xml-protocol-2.26.21.jar;C:\Users\WyneWyneThuTa\.m2\repository\software\amazon\awssdk\aws-query-protocol\2.26.21\aws-query-protocol-2.26.21.jar;C:\Users\WyneWyneThuTa\.m2\repository\software\amazon\awssdk\protocol-core\2.26.21\protocol-core-2.26.21.jar;C:\Users\WyneWyneThuTa\.m2\repository\software\amazon\awssdk\arns\2.26.21\arns-2.26.21.jar;C:\Users\WyneWyneThuTa\.m2\repository\software\amazon\awssdk\profiles\2.26.21\profiles-2.26.21.jar;C:\Users\WyneWyneThuTa\.m2\repository\software\amazon\awssdk\crt-core\2.26.21\crt-core-2.26.21.jar;C:\Users\WyneWyneThuTa\.m2\repository\software\amazon\awssdk\http-auth\2.26.21\http-auth-2.26.21.jar;C:\Users\WyneWyneThuTa\.m2\repository\software\amazon\awssdk\identity-spi\2.26.21\identity-spi-2.26.21.jar;C:\Users\WyneWyneThuTa\.m2\repository\software\amazon\awssdk\http-auth-spi\2.26.21\http-auth-spi-2.26.21.jar;C:\Users\WyneWyneThuTa\.m2\repository\software\amazon\awssdk\http-auth-aws\2.26.21\http-auth-aws-2.26.21.jar;C:\Users\WyneWyneThuTa\.m2\repository\software\amazon\awssdk\checksums\2.26.21\checksums-2.26.21.jar;C:\Users\WyneWyneThuTa\.m2\repository\software\amazon\awssdk\checksums-spi\2.26.21\checksums-spi-2.26.21.jar;C:\Users\WyneWyneThuTa\.m2\repository\software\amazon\awssdk\retries-spi\2.26.21\retries-spi-2.26.21.jar;C:\Users\WyneWyneThuTa\.m2\repository\software\amazon\awssdk\sdk-core\2.26.21\sdk-core-2.26.21.jar;C:\Users\WyneWyneThuTa\.m2\repository\software\amazon\awssdk\retries\2.26.21\retries-2.26.21.jar;C:\Users\WyneWyneThuTa\.m2\repository\software\amazon\awssdk\auth\2.26.21\auth-2.26.21.jar;C:\Users\WyneWyneThuTa\.m2\repository\software\amazon\awssdk\http-auth-aws-eventstream\2.26.21\http-auth-aws-eventstream-2.26.21.jar;C:\Users\WyneWyneThuTa\.m2\repository\software\amazon\eventstream\eventstream\1.0.1\eventstream-1.0.1.jar;C:\Users\WyneWyneThuTa\.m2\repository\software\amazon\awssdk\http-client-spi\2.26.21\http-client-spi-2.26.21.jar;C:\Users\WyneWyneThuTa\.m2\repository\software\amazon\awssdk\regions\2.26.21\regions-2.26.21.jar;C:\Users\WyneWyneThuTa\.m2\repository\software\amazon\awssdk\annotations\2.26.21\annotations-2.26.21.jar;C:\Users\WyneWyneThuTa\.m2\repository\software\amazon\awssdk\utils\2.26.21\utils-2.26.21.jar;C:\Users\WyneWyneThuTa\.m2\repository\software\amazon\awssdk\aws-core\2.26.21\aws-core-2.26.21.jar;C:\Users\WyneWyneThuTa\.m2\repository\software\amazon\awssdk\metrics-spi\2.26.21\metrics-spi-2.26.21.jar;C:\Users\WyneWyneThuTa\.m2\repository\software\amazon\awssdk\json-utils\2.26.21\json-utils-2.26.21.jar;C:\Users\WyneWyneThuTa\.m2\repository\software\amazon\awssdk\third-party-jackson-core\2.26.21\third-party-jackson-core-2.26.21.jar;C:\Users\WyneWyneThuTa\.m2\repository\software\amazon\awssdk\endpoints-spi\2.26.21\endpoints-spi-2.26.21.jar;C:\Users\WyneWyneThuTa\.m2\repository\software\amazon\awssdk\apache-client\2.26.21\apache-client-2.26.21.jar;C:\Users\WyneWyneThuTa\.m2\repository\org\apache\httpcomponents\httpclient\4.5.13\httpclient-4.5.13.jar;C:\Users\WyneWyneThuTa\.m2\repository\commons-logging\commons-logging\1.2\commons-logging-1.2.jar;C:\Users\WyneWyneThuTa\.m2\repository\org\apache\httpcomponents\httpcore\4.4.16\httpcore-4.4.16.jar;C:\Users\WyneWyneThuTa\.m2\repository\commons-codec\commons-codec\1.16.1\commons-codec-1.16.1.jar;C:\Users\WyneWyneThuTa\.m2\repository\software\amazon\awssdk\netty-nio-client\2.26.21\netty-nio-client-2.26.21.jar;C:\Users\WyneWyneThuTa\.m2\repository\io\netty\netty-codec-http\4.1.111.Final\netty-codec-http-4.1.111.Final.jar;C:\Users\WyneWyneThuTa\.m2\repository\io\netty\netty-codec-http2\4.1.111.Final\netty-codec-http2-4.1.111.Final.jar;C:\Users\WyneWyneThuTa\.m2\repository\io\netty\netty-codec\4.1.111.Final\netty-codec-4.1.111.Final.jar;C:\Users\WyneWyneThuTa\.m2\repository\io\netty\netty-transport\4.1.111.Final\netty-transport-4.1.111.Final.jar;C:\Users\WyneWyneThuTa\.m2\repository\io\netty\netty-common\4.1.111.Final\netty-common-4.1.111.Final.jar;C:\Users\WyneWyneThuTa\.m2\repository\io\netty\netty-buffer\4.1.111.Final\netty-buffer-4.1.111.Final.jar;C:\Users\WyneWyneThuTa\.m2\repository\io\netty\netty-handler\4.1.111.Final\netty-handler-4.1.111.Final.jar;C:\Users\WyneWyneThuTa\.m2\repository\io\netty\netty-transport-native-unix-common\4.1.111.Final\netty-transport-native-unix-common-4.1.111.Final.jar;C:\Users\WyneWyneThuTa\.m2\repository\io\netty\netty-transport-classes-epoll\4.1.111.Final\netty-transport-classes-epoll-4.1.111.Final.jar;C:\Users\WyneWyneThuTa\.m2\repository\io\netty\netty-resolver\4.1.111.Final\netty-resolver-4.1.111.Final.jar
Launcher Type: SUN_STANDARD

[Global flags]
     intx CICompilerCount                          = 3                                         {product} {ergonomic}
     uint ConcGCThreads                            = 1                                         {product} {ergonomic}
     uint G1ConcRefinementThreads                  = 4                                         {product} {ergonomic}
   size_t G1HeapRegionSize                         = 1048576                                   {product} {ergonomic}
    uintx GCDrainStackTargetSize                   = 64                                        {product} {ergonomic}
   size_t InitialHeapSize                          = 134217728                                 {product} {ergonomic}
   size_t MarkStackSize                            = 4194304                                   {product} {ergonomic}
   size_t MaxHeapSize                              = 2116026368                                {product} {ergonomic}
   size_t MaxNewSize                               = 1268776960                                {product} {ergonomic}
   size_t MinHeapDeltaBytes                        = 1048576                                   {product} {ergonomic}
   size_t MinHeapSize                              = 8388608                                   {product} {ergonomic}
    uintx NonNMethodCodeHeapSize                   = 5832780                                {pd product} {ergonomic}
    uintx NonProfiledCodeHeapSize                  = 122912730                              {pd product} {ergonomic}
    uintx ProfiledCodeHeapSize                     = 122912730                              {pd product} {ergonomic}
    uintx ReservedCodeCacheSize                    = 251658240                              {pd product} {ergonomic}
     bool SegmentedCodeCache                       = true                                      {product} {ergonomic}
     bool ShowCodeDetailsInExceptionMessages       = true                                   {manageable} {command line}
   size_t SoftMaxHeapSize                          = 2116026368                             {manageable} {ergonomic}
     bool UseCompressedOops                        = true                           {product lp64_product} {ergonomic}
     bool UseG1GC                                  = true                                      {product} {ergonomic}
     bool UseLargePagesIndividualAllocation        = false                                  {pd product} {ergonomic}

Logging:
Log output configuration:
 #0: stdout all=warning uptime,level,tags foldmultilines=false
 #1: stderr all=off uptime,level,tags foldmultilines=false

Environment Variables:
JAVA_HOME=C:\Program Files\Java\jdk-21
PATH=C:/eclipse//plugins/org.eclipse.justj.openjdk.hotspot.jre.full.win32.x86_64_16.0.1.v20210528-1205/jre/bin/server;C:/eclipse//plugins/org.eclipse.justj.openjdk.hotspot.jre.full.win32.x86_64_16.0.1.v20210528-1205/jre/bin;C:\Program Files (x86)\Common Files\Oracle\Java\javapath;C:\Program Files\Common Files\Oracle\Java\javapath;C:\Program Files\Microsoft MPI\Bin\;C:\Windows\system32;C:\Windows;C:\Windows\System32\Wbem;C:\Windows\System32\WindowsPowerShell\v1.0\;C:\Windows\System32\OpenSSH\;C:\Users\WyneWyneThuTa\AppData\Roaming\nvm;C:\Program Files\nodejs;C:\Program Files (x86)\Microsoft SQL Server\150\DTS\Binn\;C:\Program Files\Git\cmd;C:\Program Files (x86)\Microsoft SQL Server\150\Tools\Binn\;C:\Program Files\Microsoft SQL Server\150\Tools\Binn\;C:\Program Files\Microsoft SQL Server\150\DTS\Binn\;C:\Program Files\Microsoft SQL Server\Client SDK\ODBC\170\Tools\Binn\;C:\Program Files\Maven\apache-maven-3.9.5\bin;C:\Program Files\dotnet\;C:\Program Files\MySQL\MySQL Shell 8.0\bin\;C:\Users\WyneWyneThuTa\.cargo\bin;C:\Users\WyneWyneThuTa\AppData\Local\Microsoft\WindowsApps;C:\Users\WyneWyneThuTa\AppData\Roaming\npm;C:\Users\WyneWyneThuTa\AppData\Local\Programs\Microsoft VS Code\bin;C:\Users\WyneWyneThuTa\AppData\Roaming\nvm;C:\Program Files\nodejs;C:\Program Files\AdoptOpenJDK\jdk-11.0.11.9-hotspot;;C:\eclipse;
USERNAME=WyneWyneThuTa
OS=Windows_NT
PROCESSOR_IDENTIFIER=Intel64 Family 6 Model 142 Stepping 10, GenuineIntel
TMP=C:\Users\WYNEWY~1\AppData\Local\Temp
TEMP=C:\Users\WYNEWY~1\AppData\Local\Temp




Periodic native trim disabled

---------------  S Y S T E M  ---------------

OS:
 Windows 11 , 64 bit Build 22621 (10.0.22621.3958)
OS uptime: 7 days 7:14 hours

CPU: total 4 (initial active 4) (2 cores per cpu, 2 threads per core) family 6 model 142 stepping 10 microcode 0xe0, cx8, cmov, fxsr, ht, mmx, 3dnowpref, sse, sse2, sse3, ssse3, sse4.1, sse4.2, popcnt, lzcnt, tsc, tscinvbit, avx, avx2, aes, erms, clmul, bmi1, bmi2, adx, fma, vzeroupper, clflush, clflushopt, rdtscp, f16c
Processor Information for all 4 processors :
  Max Mhz: 2208, Current Mhz: 2208, Mhz Limit: 2208

Memory: 4k page, system-wide physical 8071M (755M free)
TotalPageFile size 19847M (AvailPageFile size 5974M)
current process WorkingSet (physical memory assigned to process): 505M, peak: 579M
current process commit charge ("private bytes"): 562M, peak: 631M

vm_info: Java HotSpot(TM) 64-Bit Server VM (21.0.1+12-LTS-29) for windows-amd64 JRE (21.0.1+12-LTS-29), built on 2023-10-05T13:27:09Z by "mach5one" with MS VC++ 17.1 (VS2022)

END.
